This is XeTeX, Version 3.141592653-2.6-0.999994 (TeX Live 2022/nixos.org) (preloaded format=xelatex 1980.1.1)  17 FEB 2024 12:59
entering extended mode
 \write18 enabled.
 file:line:error style messages enabled.
 %&-line parsing enabled.
**/home/alex/GitHub/Simulation-of-MNNs/2024/JuFo_regional/main.tex
(/home/alex/GitHub/Simulation-of-MNNs/2024/JuFo_regional/main.tex
LaTeX2e <2022-11-01> patch level 1
L3 programming layer <2023-02-22> (/nix/store/sn1xgci9grv4yxlxfa91aa7b9ykl6pdh-texlive-combined-full-2022-final-texmfdist/tex/latex/koma-script/scrartcl.cls
Document Class: scrartcl 2022/10/12 v3.38 KOMA-Script document class (article)
(/nix/store/sn1xgci9grv4yxlxfa91aa7b9ykl6pdh-texlive-combined-full-2022-final-texmfdist/tex/latex/koma-script/scrkbase.sty
Package: scrkbase 2022/10/12 v3.38 KOMA-Script package (KOMA-Script-dependent basics and keyval usage)
 (/nix/store/sn1xgci9grv4yxlxfa91aa7b9ykl6pdh-texlive-combined-full-2022-final-texmfdist/tex/latex/koma-script/scrbase.sty
Package: scrbase 2022/10/12 v3.38 KOMA-Script package (KOMA-Script-independent basics and keyval usage)
 (/nix/store/sn1xgci9grv4yxlxfa91aa7b9ykl6pdh-texlive-combined-full-2022-final-texmfdist/tex/latex/koma-script/scrlfile.sty
Package: scrlfile 2022/10/12 v3.38 KOMA-Script package (file load hooks)
 (/nix/store/sn1xgci9grv4yxlxfa91aa7b9ykl6pdh-texlive-combined-full-2022-final-texmfdist/tex/latex/koma-script/scrlfile-hook.sty
Package: scrlfile-hook 2022/10/12 v3.38 KOMA-Script package (using LaTeX hooks)
 (/nix/store/sn1xgci9grv4yxlxfa91aa7b9ykl6pdh-texlive-combined-full-2022-final-texmfdist/tex/latex/koma-script/scrlogo.sty
Package: scrlogo 2022/10/12 v3.38 KOMA-Script package (logo)
))) (/nix/store/sn1xgci9grv4yxlxfa91aa7b9ykl6pdh-texlive-combined-full-2022-final-texmfdist/tex/latex/graphics/keyval.sty
Package: keyval 2022/05/29 v1.15 key=value parser (DPC)
\KV@toks@=\toks16
)
Applying: [2021/05/01] Usage of raw or classic option list on input line 252.
Already applied: [0000/00/00] Usage of raw or classic option list on input line 368.
)) (/nix/store/sn1xgci9grv4yxlxfa91aa7b9ykl6pdh-texlive-combined-full-2022-final-texmfdist/tex/latex/koma-script/tocbasic.sty
Package: tocbasic 2022/10/12 v3.38 KOMA-Script package (handling toc-files)
\scr@dte@tocline@numberwidth=\skip48
\scr@dte@tocline@numbox=\box51
)
Package tocbasic Info: omitting babel extension for `toc'
(tocbasic)             because of feature `nobabel' available
(tocbasic)             for `toc' on input line 135.
Package scrartcl Info: You've used standard option `10pt'.
(scrartcl)             This is correct!
(scrartcl)             Internally I'm using `fontsize=10pt'.
(scrartcl)             If you'd like to set the option with \KOMAoptions,
(scrartcl)             you'd have to use `fontsize=10pt' there
(scrartcl)             instead of `10pt', too.
Class scrartcl Info: File `scrsize10pt.clo' used to setup font sizes on input line 2367.
 (/nix/store/sn1xgci9grv4yxlxfa91aa7b9ykl6pdh-texlive-combined-full-2022-final-texmfdist/tex/latex/koma-script/scrsize10pt.clo
File: scrsize10pt.clo 2022/10/12 v3.38 KOMA-Script font size class option (10pt)
) (/nix/store/sn1xgci9grv4yxlxfa91aa7b9ykl6pdh-texlive-combined-full-2022-final-texmfdist/tex/latex/koma-script/typearea.sty
Package: typearea 2022/10/12 v3.38 KOMA-Script package (type area)
\ta@bcor=\skip49
\ta@div=\count181
\ta@hblk=\skip50
\ta@vblk=\skip51
\ta@temp=\skip52
\footheight=\skip53
Package typearea Info: These are the values describing the layout:
(typearea)             DIV  = 8
(typearea)             BCOR = 0.0pt
(typearea)             \paperwidth      = 597.50793pt
(typearea)              \textwidth      = 373.44246pt
(typearea)              DIV departure   = -4%
(typearea)              \evensidemargin = 39.76274pt
(typearea)              \oddsidemargin  = 39.76274pt
(typearea)             \paperheight     = 845.04694pt
(typearea)              \textheight     = 538.0pt
(typearea)              \topmargin      = 0.36087pt
(typearea)              \headheight     = 15.0pt
(typearea)              \headsep        = 18.0pt
(typearea)              \topskip        = 10.0pt
(typearea)              \footskip       = 42.0pt
(typearea)              \baselineskip   = 12.0pt
(typearea)              on input line 1767.
)
\c@part=\count182
\c@section=\count183
\c@subsection=\count184
\c@subsubsection=\count185
\c@paragraph=\count186
\c@subparagraph=\count187
\scr@dte@section@maxnumwidth=\skip54
Class scrartcl Info: using compatibility default `runin=bysign'
(scrartcl)           for `\section on input line 4994.
Class scrartcl Info: using compatibility default `afterindent=bysign'
(scrartcl)           for `\section on input line 4994.
\scr@dte@part@maxnumwidth=\skip55
Class scrartcl Info: using compatibility default `afterindent=false'
(scrartcl)           for `\part on input line 5002.
\scr@dte@subsection@maxnumwidth=\skip56
Class scrartcl Info: using compatibility default `runin=bysign'
(scrartcl)           for `\subsection on input line 5012.
Class scrartcl Info: using compatibility default `afterindent=bysign'
(scrartcl)           for `\subsection on input line 5012.
\scr@dte@subsubsection@maxnumwidth=\skip57
Class scrartcl Info: using compatibility default `runin=bysign'
(scrartcl)           for `\subsubsection on input line 5022.
Class scrartcl Info: using compatibility default `afterindent=bysign'
(scrartcl)           for `\subsubsection on input line 5022.
\scr@dte@paragraph@maxnumwidth=\skip58
Class scrartcl Info: using compatibility default `runin=bysign'
(scrartcl)           for `\paragraph on input line 5033.
Class scrartcl Info: using compatibility default `afterindent=bysign'
(scrartcl)           for `\paragraph on input line 5033.
\scr@dte@subparagraph@maxnumwidth=\skip59
Class scrartcl Info: using compatibility default `runin=bysign'
(scrartcl)           for `\subparagraph on input line 5043.
Class scrartcl Info: using compatibility default `afterindent=bysign'
(scrartcl)           for `\subparagraph on input line 5043.
\abovecaptionskip=\skip60
\belowcaptionskip=\skip61
\c@pti@nb@sid@b@x=\box52
Package tocbasic Info: omitting babel extension for `lof'
(tocbasic)             because of feature `nobabel' available
(tocbasic)             for `lof' on input line 6211.
\scr@dte@figure@maxnumwidth=\skip62
\c@figure=\count188
Package tocbasic Info: omitting babel extension for `lot'
(tocbasic)             because of feature `nobabel' available
(tocbasic)             for `lot' on input line 6227.
\scr@dte@table@maxnumwidth=\skip63
\c@table=\count189
Class scrartcl Info: Redefining `\numberline' on input line 6397.
\bibindent=\dimen140
) (/nix/store/sn1xgci9grv4yxlxfa91aa7b9ykl6pdh-texlive-combined-full-2022-final-texmfdist/tex/latex/geometry/geometry.sty
Package: geometry 2020/01/02 v5.9 Page Geometry
 (/nix/store/sn1xgci9grv4yxlxfa91aa7b9ykl6pdh-texlive-combined-full-2022-final-texmfdist/tex/generic/iftex/ifvtex.sty
Package: ifvtex 2019/10/25 v1.7 ifvtex legacy package. Use iftex instead.
 (/nix/store/sn1xgci9grv4yxlxfa91aa7b9ykl6pdh-texlive-combined-full-2022-final-texmfdist/tex/generic/iftex/iftex.sty
Package: iftex 2022/02/03 v1.0f TeX engine tests
))
\Gm@cnth=\count190
\Gm@cntv=\count191
\c@Gm@tempcnt=\count192
\Gm@bindingoffset=\dimen141
\Gm@wd@mp=\dimen142
\Gm@odd@mp=\dimen143
\Gm@even@mp=\dimen144
\Gm@layoutwidth=\dimen145
\Gm@layoutheight=\dimen146
\Gm@layouthoffset=\dimen147
\Gm@layoutvoffset=\dimen148
\Gm@dimlist=\toks17
) (/nix/store/sn1xgci9grv4yxlxfa91aa7b9ykl6pdh-texlive-combined-full-2022-final-texmfdist/tex/latex/microtype/microtype.sty
Package: microtype 2023/03/13 v3.1a Micro-typographical refinements (RS)
 (/nix/store/sn1xgci9grv4yxlxfa91aa7b9ykl6pdh-texlive-combined-full-2022-final-texmfdist/tex/latex/etoolbox/etoolbox.sty
Package: etoolbox 2020/10/05 v2.5k e-TeX tools for LaTeX (JAW)
\etb@tempcnta=\count193
)
\MT@toks=\toks18
\MT@tempbox=\box53
\MT@count=\count194
LaTeX Info: Redefining \noprotrusionifhmode on input line 1059.
LaTeX Info: Redefining \leftprotrusion on input line 1060.
\MT@prot@toks=\toks19
LaTeX Info: Redefining \rightprotrusion on input line 1078.
LaTeX Info: Redefining \textls on input line 1368.
\MT@outer@kern=\dimen149
LaTeX Info: Redefining \textmicrotypecontext on input line 1988.
\MT@listname@count=\count195
 (/nix/store/sn1xgci9grv4yxlxfa91aa7b9ykl6pdh-texlive-combined-full-2022-final-texmfdist/tex/latex/microtype/microtype-xetex.def
File: microtype-xetex.def 2023/03/13 v3.1a Definitions specific to xetex (RS)
LaTeX Info: Redefining \lsstyle on input line 238.
)
Package microtype Info: Loading configuration file microtype.cfg.
 (/nix/store/sn1xgci9grv4yxlxfa91aa7b9ykl6pdh-texlive-combined-full-2022-final-texmfdist/tex/latex/microtype/microtype.cfg
File: microtype.cfg 2023/03/13 v3.1a microtype main configuration file (RS)
)) (/nix/store/sn1xgci9grv4yxlxfa91aa7b9ykl6pdh-texlive-combined-full-2022-final-texmfdist/tex/latex/abstract/abstract.sty
Package: abstract 2009/06/08 v1.2a configurable abstracts
\abstitleskip=\skip64
\absleftindent=\skip65
\absrightindent=\skip66
\absparindent=\skip67
\absparsep=\skip68
) (/nix/store/sn1xgci9grv4yxlxfa91aa7b9ykl6pdh-texlive-combined-full-2022-final-texmfdist/tex/generic/babel/babel.sty
Package: babel 2023/02/13 3.86 The Babel package
\babel@savecnt=\count196
\U@D=\dimen150
\l@unhyphenated=\language87
 (/nix/store/sn1xgci9grv4yxlxfa91aa7b9ykl6pdh-texlive-combined-full-2022-final-texmfdist/tex/generic/babel/xebabel.def)
\bbl@readstream=\read2
\bbl@dirlevel=\count197
 (/nix/store/sn1xgci9grv4yxlxfa91aa7b9ykl6pdh-texlive-combined-full-2022-final-texmfdist/tex/generic/babel-german/ngerman.ldf
Language: ngerman 2021/02/27 v2.13 German support for babel (post-1996 orthography)
 (/nix/store/sn1xgci9grv4yxlxfa91aa7b9ykl6pdh-texlive-combined-full-2022-final-texmfdist/tex/generic/babel-german/ngermanb.ldf
Language: ngermanb 2021/02/27 v2.13 German support for babel (post-1996 orthography)
Package babel Info: Making " an active character on input line 122.
))) (/nix/store/sn1xgci9grv4yxlxfa91aa7b9ykl6pdh-texlive-combined-full-2022-final-texmfdist/tex/generic/babel/locale/de/babel-ngerman.tex
Package babel Info: Importing font and identification data for ngerman
(babel)             from babel-de.ini. Reported on input line 11.
) (/nix/store/sn1xgci9grv4yxlxfa91aa7b9ykl6pdh-texlive-combined-full-2022-final-texmfdist/tex/latex/biblatex/biblatex.sty
Package: biblatex 2023/03/05 v3.19 programmable bibliographies (PK/MW)
 (/nix/store/sn1xgci9grv4yxlxfa91aa7b9ykl6pdh-texlive-combined-full-2022-final-texmfdist/tex/generic/pdftexcmds/pdftexcmds.sty
Package: pdftexcmds 2020-06-27 v0.33 Utility functions of pdfTeX for LuaTeX (HO)
 (/nix/store/sn1xgci9grv4yxlxfa91aa7b9ykl6pdh-texlive-combined-full-2022-final-texmfdist/tex/generic/infwarerr/infwarerr.sty
Package: infwarerr 2019/12/03 v1.5 Providing info/warning/error messages (HO)
) (/nix/store/sn1xgci9grv4yxlxfa91aa7b9ykl6pdh-texlive-combined-full-2022-final-texmfdist/tex/generic/ltxcmds/ltxcmds.sty
Package: ltxcmds 2020-05-10 v1.25 LaTeX kernel commands for general use (HO)
)
Package pdftexcmds Info: \pdf@primitive is available.
Package pdftexcmds Info: \pdf@ifprimitive is available.
Package pdftexcmds Info: \pdfdraftmode not found.
) (/nix/store/sn1xgci9grv4yxlxfa91aa7b9ykl6pdh-texlive-combined-full-2022-final-texmfdist/tex/latex/kvoptions/kvoptions.sty
Package: kvoptions 2022-06-15 v3.15 Key value format for package options (HO)
 (/nix/store/sn1xgci9grv4yxlxfa91aa7b9ykl6pdh-texlive-combined-full-2022-final-texmfdist/tex/latex/kvsetkeys/kvsetkeys.sty
Package: kvsetkeys 2022-10-05 v1.19 Key value parser (HO)
)) (/nix/store/sn1xgci9grv4yxlxfa91aa7b9ykl6pdh-texlive-combined-full-2022-final-texmfdist/tex/latex/logreq/logreq.sty
Package: logreq 2010/08/04 v1.0 xml request logger
\lrq@indent=\count198
 (/nix/store/sn1xgci9grv4yxlxfa91aa7b9ykl6pdh-texlive-combined-full-2022-final-texmfdist/tex/latex/logreq/logreq.def
File: logreq.def 2010/08/04 v1.0 logreq spec v1.0
)) (/nix/store/sn1xgci9grv4yxlxfa91aa7b9ykl6pdh-texlive-combined-full-2022-final-texmfdist/tex/latex/base/ifthen.sty
Package: ifthen 2022/04/13 v1.1d Standard LaTeX ifthen package (DPC)
) (/nix/store/sn1xgci9grv4yxlxfa91aa7b9ykl6pdh-texlive-combined-full-2022-final-texmfdist/tex/latex/url/url.sty
\Urlmuskip=\muskip16
Package: url 2013/09/16  ver 3.4  Verb mode for urls, etc.
)
\c@tabx@nest=\count199
\c@listtotal=\count266
\c@listcount=\count267
\c@liststart=\count268
\c@liststop=\count269
\c@citecount=\count270
\c@citetotal=\count271
\c@multicitecount=\count272
\c@multicitetotal=\count273
\c@instcount=\count274
\c@maxnames=\count275
\c@minnames=\count276
\c@maxitems=\count277
\c@minitems=\count278
\c@citecounter=\count279
\c@maxcitecounter=\count280
\c@savedcitecounter=\count281
\c@uniquelist=\count282
\c@uniquename=\count283
\c@refsection=\count284
\c@refsegment=\count285
\c@maxextratitle=\count286
\c@maxextratitleyear=\count287
\c@maxextraname=\count288
\c@maxextradate=\count289
\c@maxextraalpha=\count290
\c@abbrvpenalty=\count291
\c@highnamepenalty=\count292
\c@lownamepenalty=\count293
\c@maxparens=\count294
\c@parenlevel=\count295
\blx@tempcnta=\count296
\blx@tempcntb=\count297
\blx@tempcntc=\count298
\c@blx@maxsection=\count299
\blx@maxsegment@0=\count300
\blx@notetype=\count301
\blx@parenlevel@text=\count302
\blx@parenlevel@foot=\count303
\blx@sectionciteorder@0=\count304
\blx@sectionciteorderinternal@0=\count305
\blx@entrysetcounter=\count306
\blx@biblioinstance=\count307
\labelnumberwidth=\skip69
\labelalphawidth=\skip70
\biblabelsep=\skip71
\bibitemsep=\skip72
\bibnamesep=\skip73
\bibinitsep=\skip74
\bibparsep=\skip75
\bibhang=\skip76
\blx@bcfin=\read3
\blx@bcfout=\write3
\blx@langwohyphens=\language88
\c@mincomprange=\count308
\c@maxcomprange=\count309
\c@mincompwidth=\count310
Package biblatex Info: Trying to load biblatex default data model...
Package biblatex Info: ... file 'blx-dm.def' found.
 (/nix/store/sn1xgci9grv4yxlxfa91aa7b9ykl6pdh-texlive-combined-full-2022-final-texmfdist/tex/latex/biblatex/blx-dm.def
File: blx-dm.def 2023/03/05 v3.19 biblatex localization (PK/MW)
)
Package biblatex Info: Trying to load biblatex custom data model...
Package biblatex Info: ... file 'biblatex-dm.cfg' not found.
\c@afterword=\count311
\c@savedafterword=\count312
\c@annotator=\count313
\c@savedannotator=\count314
\c@author=\count315
\c@savedauthor=\count316
\c@bookauthor=\count317
\c@savedbookauthor=\count318
\c@commentator=\count319
\c@savedcommentator=\count320
\c@editor=\count321
\c@savededitor=\count322
\c@editora=\count323
\c@savededitora=\count324
\c@editorb=\count325
\c@savededitorb=\count326
\c@editorc=\count327
\c@savededitorc=\count328
\c@foreword=\count329
\c@savedforeword=\count330
\c@holder=\count331
\c@savedholder=\count332
\c@introduction=\count333
\c@savedintroduction=\count334
\c@namea=\count335
\c@savednamea=\count336
\c@nameb=\count337
\c@savednameb=\count338
\c@namec=\count339
\c@savednamec=\count340
\c@translator=\count341
\c@savedtranslator=\count342
\c@shortauthor=\count343
\c@savedshortauthor=\count344
\c@shorteditor=\count345
\c@savedshorteditor=\count346
\c@labelname=\count347
\c@savedlabelname=\count348
\c@institution=\count349
\c@savedinstitution=\count350
\c@lista=\count351
\c@savedlista=\count352
\c@listb=\count353
\c@savedlistb=\count354
\c@listc=\count355
\c@savedlistc=\count356
\c@listd=\count357
\c@savedlistd=\count358
\c@liste=\count359
\c@savedliste=\count360
\c@listf=\count361
\c@savedlistf=\count362
\c@location=\count363
\c@savedlocation=\count364
\c@organization=\count365
\c@savedorganization=\count366
\c@origlocation=\count367
\c@savedoriglocation=\count368
\c@origpublisher=\count369
\c@savedorigpublisher=\count370
\c@publisher=\count371
\c@savedpublisher=\count372
\c@language=\count373
\c@savedlanguage=\count374
\c@origlanguage=\count375
\c@savedoriglanguage=\count376
\c@pageref=\count377
\c@savedpageref=\count378
\shorthandwidth=\skip77
\shortjournalwidth=\skip78
\shortserieswidth=\skip79
\shorttitlewidth=\skip80
\shortauthorwidth=\skip81
\shorteditorwidth=\skip82
\locallabelnumberwidth=\skip83
\locallabelalphawidth=\skip84
\localshorthandwidth=\skip85
\localshortjournalwidth=\skip86
\localshortserieswidth=\skip87
\localshorttitlewidth=\skip88
\localshortauthorwidth=\skip89
\localshorteditorwidth=\skip90
Package biblatex Info: Trying to load enhanced support for Unicode engines...
Package biblatex Info: ... file 'blx-unicode.def' found.
 (/nix/store/sn1xgci9grv4yxlxfa91aa7b9ykl6pdh-texlive-combined-full-2022-final-texmfdist/tex/latex/biblatex/blx-unicode.def)
Package biblatex Info: Trying to load compatibility code...
Package biblatex Info: ... file 'blx-compat.def' found.
 (/nix/store/sn1xgci9grv4yxlxfa91aa7b9ykl6pdh-texlive-combined-full-2022-final-texmfdist/tex/latex/biblatex/blx-compat.def
File: blx-compat.def 2023/03/05 v3.19 biblatex compatibility (PK/MW)
)
Package biblatex Info: Trying to load generic definitions...
Package biblatex Info: ... file 'biblatex.def' found.
 (/nix/store/sn1xgci9grv4yxlxfa91aa7b9ykl6pdh-texlive-combined-full-2022-final-texmfdist/tex/latex/biblatex/biblatex.def
File: biblatex.def 2023/03/05 v3.19 biblatex compatibility (PK/MW)
\c@textcitecount=\count379
\c@textcitetotal=\count380
\c@textcitemaxnames=\count381
\c@biburlbigbreakpenalty=\count382
\c@biburlbreakpenalty=\count383
\c@biburlnumpenalty=\count384
\c@biburlucpenalty=\count385
\c@biburllcpenalty=\count386
\biburlbigskip=\muskip17
\biburlnumskip=\muskip18
\biburlucskip=\muskip19
\biburllcskip=\muskip20
\c@smartand=\count387
)
Package biblatex Info: Trying to load bibliography style 'numeric'...
Package biblatex Info: ... file 'numeric.bbx' found.
 (/nix/store/sn1xgci9grv4yxlxfa91aa7b9ykl6pdh-texlive-combined-full-2022-final-texmfdist/tex/latex/biblatex/bbx/numeric.bbx
File: numeric.bbx 2023/03/05 v3.19 biblatex bibliography style (PK/MW)
Package biblatex Info: Trying to load bibliography style 'standard'...
Package biblatex Info: ... file 'standard.bbx' found.
 (/nix/store/sn1xgci9grv4yxlxfa91aa7b9ykl6pdh-texlive-combined-full-2022-final-texmfdist/tex/latex/biblatex/bbx/standard.bbx
File: standard.bbx 2023/03/05 v3.19 biblatex bibliography style (PK/MW)
\c@bbx:relatedcount=\count388
\c@bbx:relatedtotal=\count389
))
Package biblatex Info: Trying to load citation style 'numeric'...
Package biblatex Info: ... file 'numeric.cbx' found.
 (/nix/store/sn1xgci9grv4yxlxfa91aa7b9ykl6pdh-texlive-combined-full-2022-final-texmfdist/tex/latex/biblatex/cbx/numeric.cbx
File: numeric.cbx 2023/03/05 v3.19 biblatex citation style (PK/MW)
Package biblatex Info: Redefining '\cite'.
Package biblatex Info: Redefining '\parencite'.
Package biblatex Info: Redefining '\footcite'.
Package biblatex Info: Redefining '\footcitetext'.
Package biblatex Info: Redefining '\smartcite'.
Package biblatex Info: Redefining '\supercite'.
Package biblatex Info: Redefining '\textcite'.
Package biblatex Info: Redefining '\textcites'.
Package biblatex Info: Redefining '\cites'.
Package biblatex Info: Redefining '\parencites'.
Package biblatex Info: Redefining '\smartcites'.
)
Package biblatex Info: Trying to load configuration file...
Package biblatex Info: ... file 'biblatex.cfg' found.
 (/nix/store/sn1xgci9grv4yxlxfa91aa7b9ykl6pdh-texlive-combined-full-2022-final-texmfdist/tex/latex/biblatex/biblatex.cfg
File: biblatex.cfg 
)
Package biblatex Info: XeTeX detected.
(biblatex)             Assuming input encoding 'utf8'.
Package biblatex Info: Document encoding is UTF8 ....
 (/nix/store/sn1xgci9grv4yxlxfa91aa7b9ykl6pdh-texlive-combined-full-2022-final-texmfdist/tex/latex/l3kernel/expl3.sty
Package: expl3 2023-02-22 L3 programming layer (loader) 
 (/nix/store/sn1xgci9grv4yxlxfa91aa7b9ykl6pdh-texlive-combined-full-2022-final-texmfdist/tex/latex/l3backend/l3backend-xetex.def
File: l3backend-xetex.def 2023-01-16 L3 backend support: XeTeX
\g__graphics_track_int=\count390
\l__pdf_internal_box=\box54
\g__pdf_backend_object_int=\count391
\g__pdf_backend_annotation_int=\count392
\g__pdf_backend_link_int=\count393
))
Package biblatex Info: ... and expl3
(biblatex)             2023-02-22 L3 programming layer (loader) 
(biblatex)             is new enough (at least 2020/04/06),
(biblatex)             setting 'casechanger=expl3'.
 (/nix/store/sn1xgci9grv4yxlxfa91aa7b9ykl6pdh-texlive-combined-full-2022-final-texmfdist/tex/latex/biblatex/blx-case-expl3.sty (/nix/store/sn1xgci9grv4yxlxfa91aa7b9ykl6pdh-texlive-combined-full-2022-final-texmfdist/tex/latex/l3packages/xparse/xparse.sty
Package: xparse 2023-02-02 L3 Experimental document command parser
)
Package: blx-case-expl3 2023/03/05 v3.19 expl3 case changing code for biblatex
)) (/nix/store/sn1xgci9grv4yxlxfa91aa7b9ykl6pdh-texlive-combined-full-2022-final-texmfdist/tex/latex/hyperref/hyperref.sty
Package: hyperref 2023-02-07 v7.00v Hypertext links for LaTeX
 (/nix/store/sn1xgci9grv4yxlxfa91aa7b9ykl6pdh-texlive-combined-full-2022-final-texmfdist/tex/generic/kvdefinekeys/kvdefinekeys.sty
Package: kvdefinekeys 2019-12-19 v1.6 Define keys (HO)
) (/nix/store/sn1xgci9grv4yxlxfa91aa7b9ykl6pdh-texlive-combined-full-2022-final-texmfdist/tex/generic/pdfescape/pdfescape.sty
Package: pdfescape 2019/12/09 v1.15 Implements pdfTeX's escape features (HO)
) (/nix/store/sn1xgci9grv4yxlxfa91aa7b9ykl6pdh-texlive-combined-full-2022-final-texmfdist/tex/latex/hycolor/hycolor.sty
Package: hycolor 2020-01-27 v1.10 Color options for hyperref/bookmark (HO)
) (/nix/store/sn1xgci9grv4yxlxfa91aa7b9ykl6pdh-texlive-combined-full-2022-final-texmfdist/tex/latex/letltxmacro/letltxmacro.sty
Package: letltxmacro 2019/12/03 v1.6 Let assignment for LaTeX macros (HO)
) (/nix/store/sn1xgci9grv4yxlxfa91aa7b9ykl6pdh-texlive-combined-full-2022-final-texmfdist/tex/latex/auxhook/auxhook.sty
Package: auxhook 2019-12-17 v1.6 Hooks for auxiliary files (HO)
) (/nix/store/sn1xgci9grv4yxlxfa91aa7b9ykl6pdh-texlive-combined-full-2022-final-texmfdist/tex/latex/hyperref/nameref.sty
Package: nameref 2022-05-17 v2.50 Cross-referencing by name of section
 (/nix/store/sn1xgci9grv4yxlxfa91aa7b9ykl6pdh-texlive-combined-full-2022-final-texmfdist/tex/latex/refcount/refcount.sty
Package: refcount 2019/12/15 v3.6 Data extraction from label references (HO)
) (/nix/store/sn1xgci9grv4yxlxfa91aa7b9ykl6pdh-texlive-combined-full-2022-final-texmfdist/tex/generic/gettitlestring/gettitlestring.sty
Package: gettitlestring 2019/12/15 v1.6 Cleanup title references (HO)
)
\c@section@level=\count394
)
\@linkdim=\dimen151
\Hy@linkcounter=\count395
\Hy@pagecounter=\count396
 (/nix/store/sn1xgci9grv4yxlxfa91aa7b9ykl6pdh-texlive-combined-full-2022-final-texmfdist/tex/latex/hyperref/pd1enc.def
File: pd1enc.def 2023-02-07 v7.00v Hyperref: PDFDocEncoding definition (HO)
) (/nix/store/sn1xgci9grv4yxlxfa91aa7b9ykl6pdh-texlive-combined-full-2022-final-texmfdist/tex/generic/intcalc/intcalc.sty
Package: intcalc 2019/12/15 v1.3 Expandable calculations with integers (HO)
) (/nix/store/sn1xgci9grv4yxlxfa91aa7b9ykl6pdh-texlive-combined-full-2022-final-texmfdist/tex/generic/etexcmds/etexcmds.sty
Package: etexcmds 2019/12/15 v1.7 Avoid name clashes with e-TeX commands (HO)
)
\Hy@SavedSpaceFactor=\count397
 (/nix/store/sn1xgci9grv4yxlxfa91aa7b9ykl6pdh-texlive-combined-full-2022-final-texmfdist/tex/latex/hyperref/puenc.def
File: puenc.def 2023-02-07 v7.00v Hyperref: PDF Unicode definition (HO)
)
Package hyperref Info: Hyper figures OFF on input line 4177.
Package hyperref Info: Link nesting OFF on input line 4182.
Package hyperref Info: Hyper index ON on input line 4185.
Package hyperref Info: Plain pages OFF on input line 4192.
Package hyperref Info: Backreferencing OFF on input line 4197.
Package hyperref Info: Implicit mode ON; LaTeX internals redefined.
Package hyperref Info: Bookmarks ON on input line 4425.
\c@Hy@tempcnt=\count398
LaTeX Info: Redefining \url on input line 4763.
\XeTeXLinkMargin=\dimen152
 (/nix/store/sn1xgci9grv4yxlxfa91aa7b9ykl6pdh-texlive-combined-full-2022-final-texmfdist/tex/generic/bitset/bitset.sty
Package: bitset 2019/12/09 v1.3 Handle bit-vector datatype (HO)
 (/nix/store/sn1xgci9grv4yxlxfa91aa7b9ykl6pdh-texlive-combined-full-2022-final-texmfdist/tex/generic/bigintcalc/bigintcalc.sty
Package: bigintcalc 2019/12/15 v1.5 Expandable calculations on big integers (HO)
))
\Fld@menulength=\count399
\Field@Width=\dimen153
\Fld@charsize=\dimen154
Package hyperref Info: Hyper figures OFF on input line 6042.
Package hyperref Info: Link nesting OFF on input line 6047.
Package hyperref Info: Hyper index ON on input line 6050.
Package hyperref Info: backreferencing OFF on input line 6057.
Package hyperref Info: Link coloring OFF on input line 6062.
Package hyperref Info: Link coloring with OCG OFF on input line 6067.
Package hyperref Info: PDF/A mode OFF on input line 6072.
 (/nix/store/sn1xgci9grv4yxlxfa91aa7b9ykl6pdh-texlive-combined-full-2022-final-texmfdist/tex/latex/base/atbegshi-ltx.sty
Package: atbegshi-ltx 2021/01/10 v1.0c Emulation of the original atbegshi
package with kernel methods
)
\Hy@abspage=\count400
\c@Item=\count401
\c@Hfootnote=\count402
)
Package hyperref Info: Driver (autodetected): hxetex.
 (/nix/store/sn1xgci9grv4yxlxfa91aa7b9ykl6pdh-texlive-combined-full-2022-final-texmfdist/tex/latex/hyperref/hxetex.def
File: hxetex.def 2023-02-07 v7.00v Hyperref driver for XeTeX
 (/nix/store/sn1xgci9grv4yxlxfa91aa7b9ykl6pdh-texlive-combined-full-2022-final-texmfdist/tex/generic/stringenc/stringenc.sty
Package: stringenc 2019/11/29 v1.12 Convert strings between diff. encodings (HO)
)
\pdfm@box=\box55
\c@Hy@AnnotLevel=\count403
\HyField@AnnotCount=\count404
\Fld@listcount=\count405
\c@bookmark@seq@number=\count406
 (/nix/store/sn1xgci9grv4yxlxfa91aa7b9ykl6pdh-texlive-combined-full-2022-final-texmfdist/tex/latex/rerunfilecheck/rerunfilecheck.sty
Package: rerunfilecheck 2022-07-10 v1.10 Rerun checks for auxiliary files (HO)
 (/nix/store/sn1xgci9grv4yxlxfa91aa7b9ykl6pdh-texlive-combined-full-2022-final-texmfdist/tex/latex/base/atveryend-ltx.sty
Package: atveryend-ltx 2020/08/19 v1.0a Emulation of the original atveryend package
with kernel methods
) (/nix/store/sn1xgci9grv4yxlxfa91aa7b9ykl6pdh-texlive-combined-full-2022-final-texmfdist/tex/generic/uniquecounter/uniquecounter.sty
Package: uniquecounter 2019/12/15 v1.4 Provide unlimited unique counter (HO)
)
Package uniquecounter Info: New unique counter `rerunfilecheck' on input line 285.
)
\Hy@SectionHShift=\skip91
) (/nix/store/sn1xgci9grv4yxlxfa91aa7b9ykl6pdh-texlive-combined-full-2022-final-texmfdist/tex/latex/siunitx/siunitx.sty
Package: siunitx 2023-03-04 v3.2.2 A comprehensive (SI) units package
\l__siunitx_angle_tmp_dim=\dimen155
\l__siunitx_angle_marker_box=\box56
\l__siunitx_angle_unit_box=\box57
\l__siunitx_compound_count_int=\count407
 (/nix/store/sn1xgci9grv4yxlxfa91aa7b9ykl6pdh-texlive-combined-full-2022-final-texmfdist/tex/latex/translations/translations.sty
Package: translations 2022/02/05 v1.12 internationalization of LaTeX2e packages (CN)
)
\l__siunitx_number_exponent_fixed_int=\count408
\l__siunitx_number_min_decimal_int=\count409
\l__siunitx_number_min_integer_int=\count410
\l__siunitx_number_round_precision_int=\count411
\l__siunitx_number_lower_threshold_int=\count412
\l__siunitx_number_upper_threshold_int=\count413
\l__siunitx_number_group_first_int=\count414
\l__siunitx_number_group_size_int=\count415
\l__siunitx_number_group_minimum_int=\count416
 (/nix/store/sn1xgci9grv4yxlxfa91aa7b9ykl6pdh-texlive-combined-full-2022-final-texmfdist/tex/latex/amsmath/amstext.sty
Package: amstext 2021/08/26 v2.01 AMS text
 (/nix/store/sn1xgci9grv4yxlxfa91aa7b9ykl6pdh-texlive-combined-full-2022-final-texmfdist/tex/latex/amsmath/amsgen.sty
File: amsgen.sty 1999/11/30 v2.0 generic functions
\@emptytoks=\toks20
\ex@=\dimen156
))
\l__siunitx_table_tmp_box=\box58
\l__siunitx_table_tmp_dim=\dimen157
\l__siunitx_table_column_width_dim=\dimen158
\l__siunitx_table_integer_box=\box59
\l__siunitx_table_decimal_box=\box60
\l__siunitx_table_uncert_box=\box61
\l__siunitx_table_before_box=\box62
\l__siunitx_table_after_box=\box63
\l__siunitx_table_before_dim=\dimen159
\l__siunitx_table_carry_dim=\dimen160
\l__siunitx_unit_tmp_int=\count417
\l__siunitx_unit_position_int=\count418
\l__siunitx_unit_total_int=\count419
 (/nix/store/sn1xgci9grv4yxlxfa91aa7b9ykl6pdh-texlive-combined-full-2022-final-texmfdist/tex/latex/tools/array.sty
Package: array 2022/09/04 v2.5g Tabular extension package (FMi)
\col@sep=\dimen161
\ar@mcellbox=\box64
\extrarowheight=\dimen162
\NC@list=\toks21
\extratabsurround=\skip92
\backup@length=\skip93
\ar@cellbox=\box65
)) (/nix/store/sn1xgci9grv4yxlxfa91aa7b9ykl6pdh-texlive-combined-full-2022-final-texmfdist/tex/latex/amsmath/amsmath.sty
Package: amsmath 2022/04/08 v2.17n AMS math features
\@mathmargin=\skip94

For additional information on amsmath, use the `?' option.
(/nix/store/sn1xgci9grv4yxlxfa91aa7b9ykl6pdh-texlive-combined-full-2022-final-texmfdist/tex/latex/amsmath/amsbsy.sty
Package: amsbsy 1999/11/29 v1.2d Bold Symbols
\pmbraise@=\dimen163
) (/nix/store/sn1xgci9grv4yxlxfa91aa7b9ykl6pdh-texlive-combined-full-2022-final-texmfdist/tex/latex/amsmath/amsopn.sty
Package: amsopn 2022/04/08 v2.04 operator names
)
\inf@bad=\count420
LaTeX Info: Redefining \frac on input line 234.
\uproot@=\count421
\leftroot@=\count422
LaTeX Info: Redefining \overline on input line 399.
LaTeX Info: Redefining \colon on input line 410.
\classnum@=\count423
\DOTSCASE@=\count424
LaTeX Info: Redefining \ldots on input line 496.
LaTeX Info: Redefining \dots on input line 499.
LaTeX Info: Redefining \cdots on input line 620.
\Mathstrutbox@=\box66
\strutbox@=\box67
LaTeX Info: Redefining \big on input line 722.
LaTeX Info: Redefining \Big on input line 723.
LaTeX Info: Redefining \bigg on input line 724.
LaTeX Info: Redefining \Bigg on input line 725.
\big@size=\dimen164
LaTeX Font Info:    Redeclaring font encoding OML on input line 743.
LaTeX Font Info:    Redeclaring font encoding OMS on input line 744.
\macc@depth=\count425
LaTeX Info: Redefining \bmod on input line 905.
LaTeX Info: Redefining \pmod on input line 910.
LaTeX Info: Redefining \smash on input line 940.
LaTeX Info: Redefining \relbar on input line 970.
LaTeX Info: Redefining \Relbar on input line 971.
\c@MaxMatrixCols=\count426
\dotsspace@=\muskip21
\c@parentequation=\count427
\dspbrk@lvl=\count428
\tag@help=\toks22
\row@=\count429
\column@=\count430
\maxfields@=\count431
\andhelp@=\toks23
\eqnshift@=\dimen165
\alignsep@=\dimen166
\tagshift@=\dimen167
\tagwidth@=\dimen168
\totwidth@=\dimen169
\lineht@=\dimen170
\@envbody=\toks24
\multlinegap=\skip95
\multlinetaggap=\skip96
\mathdisplay@stack=\toks25
LaTeX Info: Redefining \[ on input line 2953.
LaTeX Info: Redefining \] on input line 2954.
) (/nix/store/sn1xgci9grv4yxlxfa91aa7b9ykl6pdh-texlive-combined-full-2022-final-texmfdist/tex/latex/amsfonts/amssymb.sty
Package: amssymb 2013/01/14 v3.01 AMS font symbols
 (/nix/store/sn1xgci9grv4yxlxfa91aa7b9ykl6pdh-texlive-combined-full-2022-final-texmfdist/tex/latex/amsfonts/amsfonts.sty
Package: amsfonts 2013/01/14 v3.01 Basic AMSFonts support
\symAMSa=\mathgroup4
\symAMSb=\mathgroup5
LaTeX Font Info:    Redeclaring math symbol \hbar on input line 98.
LaTeX Font Info:    Overwriting math alphabet `\mathfrak' in version `bold'
(Font)                  U/euf/m/n --> U/euf/b/n on input line 106.
)) (/nix/store/sn1xgci9grv4yxlxfa91aa7b9ykl6pdh-texlive-combined-full-2022-final-texmfdist/tex/latex/graphics/graphicx.sty
Package: graphicx 2021/09/16 v1.2d Enhanced LaTeX Graphics (DPC,SPQR)
 (/nix/store/sn1xgci9grv4yxlxfa91aa7b9ykl6pdh-texlive-combined-full-2022-final-texmfdist/tex/latex/graphics/graphics.sty
Package: graphics 2022/03/10 v1.4e Standard LaTeX Graphics (DPC,SPQR)
 (/nix/store/sn1xgci9grv4yxlxfa91aa7b9ykl6pdh-texlive-combined-full-2022-final-texmfdist/tex/latex/graphics/trig.sty
Package: trig 2021/08/11 v1.11 sin cos tan (DPC)
) (/nix/store/sn1xgci9grv4yxlxfa91aa7b9ykl6pdh-texlive-combined-full-2022-final-texmfdist/tex/latex/graphics-cfg/graphics.cfg
File: graphics.cfg 2016/06/04 v1.11 sample graphics configuration
)
Package graphics Info: Driver file: xetex.def on input line 107.
 (/nix/store/sn1xgci9grv4yxlxfa91aa7b9ykl6pdh-texlive-combined-full-2022-final-texmfdist/tex/latex/graphics-def/xetex.def
File: xetex.def 2022/09/22 v5.0n Graphics/color driver for xetex
))
\Gin@req@height=\dimen171
\Gin@req@width=\dimen172
) (/nix/store/sn1xgci9grv4yxlxfa91aa7b9ykl6pdh-texlive-combined-full-2022-final-texmfdist/tex/latex/subfig/subfig.sty
Package: subfig 2005/06/28 ver: 1.3 subfig package
 (/nix/store/sn1xgci9grv4yxlxfa91aa7b9ykl6pdh-texlive-combined-full-2022-final-texmfdist/tex/latex/caption/caption.sty
Package: caption 2022/03/01 v3.6b Customizing captions (AR)
 (/nix/store/sn1xgci9grv4yxlxfa91aa7b9ykl6pdh-texlive-combined-full-2022-final-texmfdist/tex/latex/caption/caption3.sty
Package: caption3 2022/03/17 v2.3b caption3 kernel (AR)
\caption@tempdima=\dimen173
\captionmargin=\dimen174
\caption@leftmargin=\dimen175
\caption@rightmargin=\dimen176
\caption@width=\dimen177
\caption@indent=\dimen178
\caption@parindent=\dimen179
\caption@hangindent=\dimen180
Package caption Info: KOMA-Script document class detected.
 (/nix/store/sn1xgci9grv4yxlxfa91aa7b9ykl6pdh-texlive-combined-full-2022-final-texmfdist/tex/latex/caption/caption-koma.sto
File: caption-koma.sto 2020/09/21 v2.0b Adaption of the caption package to the KOMA-Script document classes (AR)
))
\c@caption@flags=\count432
\c@continuedfloat=\count433
Package caption Info: hyperref package is loaded.
)
\c@KVtest=\count434
\sf@farskip=\skip97
\sf@captopadj=\dimen181
\sf@capskip=\skip98
\sf@nearskip=\skip99
\c@subfigure=\count435
\c@subfigure@save=\count436
\c@lofdepth=\count437
\c@subtable=\count438
\c@subtable@save=\count439
\c@lotdepth=\count440
\sf@top=\skip100
\sf@bottom=\skip101
)

Class scrartcl Warning: Usage of package `parskip' together
(scrartcl)              with a KOMA-Script class is not recommended.
(scrartcl)              I'd suggest to use option
(scrartcl)              `parskip' with one of it's several values.
(scrartcl)              Nevertheless, using requested
(scrartcl)              package `parskip' on input line 17.

(/nix/store/sn1xgci9grv4yxlxfa91aa7b9ykl6pdh-texlive-combined-full-2022-final-texmfdist/tex/latex/parskip/parskip.sty
Package: parskip 2021-03-14 v2.0h non-zero parskip adjustments

Couldn't patch \@startsection
) (/nix/store/sn1xgci9grv4yxlxfa91aa7b9ykl6pdh-texlive-combined-full-2022-final-texmfdist/tex/latex/float/float.sty
Package: float 2001/11/08 v1.3d Float enhancements (AL)
\c@float@type=\count441
\float@exts=\toks26
\float@box=\box68
\@float@everytoks=\toks27
\@floatcapt=\box69
) (/nix/store/sn1xgci9grv4yxlxfa91aa7b9ykl6pdh-texlive-combined-full-2022-final-texmfdist/tex/latex/pgf/frontendlayer/tikz.sty (/nix/store/sn1xgci9grv4yxlxfa91aa7b9ykl6pdh-texlive-combined-full-2022-final-texmfdist/tex/latex/pgf/basiclayer/pgf.sty (/nix/store/sn1xgci9grv4yxlxfa91aa7b9ykl6pdh-texlive-combined-full-2022-final-texmfdist/tex/latex/pgf/utilities/pgfrcs.sty (/nix/store/sn1xgci9grv4yxlxfa91aa7b9ykl6pdh-texlive-combined-full-2022-final-texmfdist/tex/generic/pgf/utilities/pgfutil-common.tex
\pgfutil@everybye=\toks28
\pgfutil@tempdima=\dimen182
\pgfutil@tempdimb=\dimen183
) (/nix/store/sn1xgci9grv4yxlxfa91aa7b9ykl6pdh-texlive-combined-full-2022-final-texmfdist/tex/generic/pgf/utilities/pgfutil-latex.def
\pgfutil@abb=\box70
) (/nix/store/sn1xgci9grv4yxlxfa91aa7b9ykl6pdh-texlive-combined-full-2022-final-texmfdist/tex/generic/pgf/utilities/pgfrcs.code.tex (/nix/store/sn1xgci9grv4yxlxfa91aa7b9ykl6pdh-texlive-combined-full-2022-final-texmfdist/tex/generic/pgf/pgf.revision.tex)
Package: pgfrcs 2023-01-15 v3.1.10 (3.1.10)
))
Package: pgf 2023-01-15 v3.1.10 (3.1.10)
 (/nix/store/sn1xgci9grv4yxlxfa91aa7b9ykl6pdh-texlive-combined-full-2022-final-texmfdist/tex/latex/pgf/basiclayer/pgfcore.sty (/nix/store/sn1xgci9grv4yxlxfa91aa7b9ykl6pdh-texlive-combined-full-2022-final-texmfdist/tex/latex/pgf/systemlayer/pgfsys.sty (/nix/store/sn1xgci9grv4yxlxfa91aa7b9ykl6pdh-texlive-combined-full-2022-final-texmfdist/tex/generic/pgf/systemlayer/pgfsys.code.tex
Package: pgfsys 2023-01-15 v3.1.10 (3.1.10)
 (/nix/store/sn1xgci9grv4yxlxfa91aa7b9ykl6pdh-texlive-combined-full-2022-final-texmfdist/tex/generic/pgf/utilities/pgfkeys.code.tex
\pgfkeys@pathtoks=\toks29
\pgfkeys@temptoks=\toks30
 (/nix/store/sn1xgci9grv4yxlxfa91aa7b9ykl6pdh-texlive-combined-full-2022-final-texmfdist/tex/generic/pgf/utilities/pgfkeyslibraryfiltered.code.tex
\pgfkeys@tmptoks=\toks31
))
\pgf@x=\dimen184
\pgf@y=\dimen185
\pgf@xa=\dimen186
\pgf@ya=\dimen187
\pgf@xb=\dimen188
\pgf@yb=\dimen189
\pgf@xc=\dimen190
\pgf@yc=\dimen191
\pgf@xd=\dimen192
\pgf@yd=\dimen193
\w@pgf@writea=\write4
\r@pgf@reada=\read4
\c@pgf@counta=\count442
\c@pgf@countb=\count443
\c@pgf@countc=\count444
\c@pgf@countd=\count445
\t@pgf@toka=\toks32
\t@pgf@tokb=\toks33
\t@pgf@tokc=\toks34
\pgf@sys@id@count=\count446
 (/nix/store/sn1xgci9grv4yxlxfa91aa7b9ykl6pdh-texlive-combined-full-2022-final-texmfdist/tex/generic/pgf/systemlayer/pgf.cfg
File: pgf.cfg 2023-01-15 v3.1.10 (3.1.10)
)
Driver file for pgf: pgfsys-xetex.def
 (/nix/store/sn1xgci9grv4yxlxfa91aa7b9ykl6pdh-texlive-combined-full-2022-final-texmfdist/tex/generic/pgf/systemlayer/pgfsys-xetex.def
File: pgfsys-xetex.def 2023-01-15 v3.1.10 (3.1.10)
 (/nix/store/sn1xgci9grv4yxlxfa91aa7b9ykl6pdh-texlive-combined-full-2022-final-texmfdist/tex/generic/pgf/systemlayer/pgfsys-dvipdfmx.def
File: pgfsys-dvipdfmx.def 2023-01-15 v3.1.10 (3.1.10)
 (/nix/store/sn1xgci9grv4yxlxfa91aa7b9ykl6pdh-texlive-combined-full-2022-final-texmfdist/tex/generic/pgf/systemlayer/pgfsys-common-pdf.def
File: pgfsys-common-pdf.def 2023-01-15 v3.1.10 (3.1.10)
)
\pgfsys@objnum=\count447
))) (/nix/store/sn1xgci9grv4yxlxfa91aa7b9ykl6pdh-texlive-combined-full-2022-final-texmfdist/tex/generic/pgf/systemlayer/pgfsyssoftpath.code.tex
File: pgfsyssoftpath.code.tex 2023-01-15 v3.1.10 (3.1.10)
\pgfsyssoftpath@smallbuffer@items=\count448
\pgfsyssoftpath@bigbuffer@items=\count449
) (/nix/store/sn1xgci9grv4yxlxfa91aa7b9ykl6pdh-texlive-combined-full-2022-final-texmfdist/tex/generic/pgf/systemlayer/pgfsysprotocol.code.tex
File: pgfsysprotocol.code.tex 2023-01-15 v3.1.10 (3.1.10)
)) (/nix/store/sn1xgci9grv4yxlxfa91aa7b9ykl6pdh-texlive-combined-full-2022-final-texmfdist/tex/latex/xcolor/xcolor.sty
Package: xcolor 2022/06/12 v2.14 LaTeX color extensions (UK)
 (/nix/store/sn1xgci9grv4yxlxfa91aa7b9ykl6pdh-texlive-combined-full-2022-final-texmfdist/tex/latex/graphics-cfg/color.cfg
File: color.cfg 2016/01/02 v1.6 sample color configuration
)
Package xcolor Info: Driver file: xetex.def on input line 227.
 (/nix/store/sn1xgci9grv4yxlxfa91aa7b9ykl6pdh-texlive-combined-full-2022-final-texmfdist/tex/latex/graphics/mathcolor.ltx)
Package xcolor Info: Model `cmy' substituted by `cmy0' on input line 1353.
Package xcolor Info: Model `RGB' extended on input line 1369.
Package xcolor Info: Model `HTML' substituted by `rgb' on input line 1371.
Package xcolor Info: Model `Hsb' substituted by `hsb' on input line 1372.
Package xcolor Info: Model `tHsb' substituted by `hsb' on input line 1373.
Package xcolor Info: Model `HSB' substituted by `hsb' on input line 1374.
Package xcolor Info: Model `Gray' substituted by `gray' on input line 1375.
Package xcolor Info: Model `wave' substituted by `hsb' on input line 1376.
) (/nix/store/sn1xgci9grv4yxlxfa91aa7b9ykl6pdh-texlive-combined-full-2022-final-texmfdist/tex/generic/pgf/basiclayer/pgfcore.code.tex
Package: pgfcore 2023-01-15 v3.1.10 (3.1.10)
 (/nix/store/sn1xgci9grv4yxlxfa91aa7b9ykl6pdh-texlive-combined-full-2022-final-texmfdist/tex/generic/pgf/math/pgfmath.code.tex (/nix/store/sn1xgci9grv4yxlxfa91aa7b9ykl6pdh-texlive-combined-full-2022-final-texmfdist/tex/generic/pgf/math/pgfmathutil.code.tex) (/nix/store/sn1xgci9grv4yxlxfa91aa7b9ykl6pdh-texlive-combined-full-2022-final-texmfdist/tex/generic/pgf/math/pgfmathparser.code.tex
\pgfmath@dimen=\dimen194
\pgfmath@count=\count450
\pgfmath@box=\box71
\pgfmath@toks=\toks35
\pgfmath@stack@operand=\toks36
\pgfmath@stack@operation=\toks37
) (/nix/store/sn1xgci9grv4yxlxfa91aa7b9ykl6pdh-texlive-combined-full-2022-final-texmfdist/tex/generic/pgf/math/pgfmathfunctions.code.tex) (/nix/store/sn1xgci9grv4yxlxfa91aa7b9ykl6pdh-texlive-combined-full-2022-final-texmfdist/tex/generic/pgf/math/pgfmathfunctions.basic.code.tex) (/nix/store/sn1xgci9grv4yxlxfa91aa7b9ykl6pdh-texlive-combined-full-2022-final-texmfdist/tex/generic/pgf/math/pgfmathfunctions.trigonometric.code.tex) (/nix/store/sn1xgci9grv4yxlxfa91aa7b9ykl6pdh-texlive-combined-full-2022-final-texmfdist/tex/generic/pgf/math/pgfmathfunctions.random.code.tex) (/nix/store/sn1xgci9grv4yxlxfa91aa7b9ykl6pdh-texlive-combined-full-2022-final-texmfdist/tex/generic/pgf/math/pgfmathfunctions.comparison.code.tex) (/nix/store/sn1xgci9grv4yxlxfa91aa7b9ykl6pdh-texlive-combined-full-2022-final-texmfdist/tex/generic/pgf/math/pgfmathfunctions.base.code.tex) (/nix/store/sn1xgci9grv4yxlxfa91aa7b9ykl6pdh-texlive-combined-full-2022-final-texmfdist/tex/generic/pgf/math/pgfmathfunctions.round.code.tex) (/nix/store/sn1xgci9grv4yxlxfa91aa7b9ykl6pdh-texlive-combined-full-2022-final-texmfdist/tex/generic/pgf/math/pgfmathfunctions.misc.code.tex) (/nix/store/sn1xgci9grv4yxlxfa91aa7b9ykl6pdh-texlive-combined-full-2022-final-texmfdist/tex/generic/pgf/math/pgfmathfunctions.integerarithmetics.code.tex) (/nix/store/sn1xgci9grv4yxlxfa91aa7b9ykl6pdh-texlive-combined-full-2022-final-texmfdist/tex/generic/pgf/math/pgfmathcalc.code.tex) (/nix/store/sn1xgci9grv4yxlxfa91aa7b9ykl6pdh-texlive-combined-full-2022-final-texmfdist/tex/generic/pgf/math/pgfmathfloat.code.tex
\c@pgfmathroundto@lastzeros=\count451
)) (/nix/store/sn1xgci9grv4yxlxfa91aa7b9ykl6pdh-texlive-combined-full-2022-final-texmfdist/tex/generic/pgf/math/pgfint.code.tex) (/nix/store/sn1xgci9grv4yxlxfa91aa7b9ykl6pdh-texlive-combined-full-2022-final-texmfdist/tex/generic/pgf/basiclayer/pgfcorepoints.code.tex
File: pgfcorepoints.code.tex 2023-01-15 v3.1.10 (3.1.10)
\pgf@picminx=\dimen195
\pgf@picmaxx=\dimen196
\pgf@picminy=\dimen197
\pgf@picmaxy=\dimen198
\pgf@pathminx=\dimen199
\pgf@pathmaxx=\dimen256
\pgf@pathminy=\dimen257
\pgf@pathmaxy=\dimen258
\pgf@xx=\dimen259
\pgf@xy=\dimen260
\pgf@yx=\dimen261
\pgf@yy=\dimen262
\pgf@zx=\dimen263
\pgf@zy=\dimen264
) (/nix/store/sn1xgci9grv4yxlxfa91aa7b9ykl6pdh-texlive-combined-full-2022-final-texmfdist/tex/generic/pgf/basiclayer/pgfcorepathconstruct.code.tex
File: pgfcorepathconstruct.code.tex 2023-01-15 v3.1.10 (3.1.10)
\pgf@path@lastx=\dimen265
\pgf@path@lasty=\dimen266
) (/nix/store/sn1xgci9grv4yxlxfa91aa7b9ykl6pdh-texlive-combined-full-2022-final-texmfdist/tex/generic/pgf/basiclayer/pgfcorepathusage.code.tex
File: pgfcorepathusage.code.tex 2023-01-15 v3.1.10 (3.1.10)
\pgf@shorten@end@additional=\dimen267
\pgf@shorten@start@additional=\dimen268
) (/nix/store/sn1xgci9grv4yxlxfa91aa7b9ykl6pdh-texlive-combined-full-2022-final-texmfdist/tex/generic/pgf/basiclayer/pgfcorescopes.code.tex
File: pgfcorescopes.code.tex 2023-01-15 v3.1.10 (3.1.10)
\pgfpic=\box72
\pgf@hbox=\box73
\pgf@layerbox@main=\box74
\pgf@picture@serial@count=\count452
) (/nix/store/sn1xgci9grv4yxlxfa91aa7b9ykl6pdh-texlive-combined-full-2022-final-texmfdist/tex/generic/pgf/basiclayer/pgfcoregraphicstate.code.tex
File: pgfcoregraphicstate.code.tex 2023-01-15 v3.1.10 (3.1.10)
\pgflinewidth=\dimen269
) (/nix/store/sn1xgci9grv4yxlxfa91aa7b9ykl6pdh-texlive-combined-full-2022-final-texmfdist/tex/generic/pgf/basiclayer/pgfcoretransformations.code.tex
File: pgfcoretransformations.code.tex 2023-01-15 v3.1.10 (3.1.10)
\pgf@pt@x=\dimen270
\pgf@pt@y=\dimen271
\pgf@pt@temp=\dimen272
) (/nix/store/sn1xgci9grv4yxlxfa91aa7b9ykl6pdh-texlive-combined-full-2022-final-texmfdist/tex/generic/pgf/basiclayer/pgfcorequick.code.tex
File: pgfcorequick.code.tex 2023-01-15 v3.1.10 (3.1.10)
) (/nix/store/sn1xgci9grv4yxlxfa91aa7b9ykl6pdh-texlive-combined-full-2022-final-texmfdist/tex/generic/pgf/basiclayer/pgfcoreobjects.code.tex
File: pgfcoreobjects.code.tex 2023-01-15 v3.1.10 (3.1.10)
) (/nix/store/sn1xgci9grv4yxlxfa91aa7b9ykl6pdh-texlive-combined-full-2022-final-texmfdist/tex/generic/pgf/basiclayer/pgfcorepathprocessing.code.tex
File: pgfcorepathprocessing.code.tex 2023-01-15 v3.1.10 (3.1.10)
) (/nix/store/sn1xgci9grv4yxlxfa91aa7b9ykl6pdh-texlive-combined-full-2022-final-texmfdist/tex/generic/pgf/basiclayer/pgfcorearrows.code.tex
File: pgfcorearrows.code.tex 2023-01-15 v3.1.10 (3.1.10)
\pgfarrowsep=\dimen273
) (/nix/store/sn1xgci9grv4yxlxfa91aa7b9ykl6pdh-texlive-combined-full-2022-final-texmfdist/tex/generic/pgf/basiclayer/pgfcoreshade.code.tex
File: pgfcoreshade.code.tex 2023-01-15 v3.1.10 (3.1.10)
\pgf@max=\dimen274
\pgf@sys@shading@range@num=\count453
\pgf@shadingcount=\count454
) (/nix/store/sn1xgci9grv4yxlxfa91aa7b9ykl6pdh-texlive-combined-full-2022-final-texmfdist/tex/generic/pgf/basiclayer/pgfcoreimage.code.tex
File: pgfcoreimage.code.tex 2023-01-15 v3.1.10 (3.1.10)
) (/nix/store/sn1xgci9grv4yxlxfa91aa7b9ykl6pdh-texlive-combined-full-2022-final-texmfdist/tex/generic/pgf/basiclayer/pgfcoreexternal.code.tex
File: pgfcoreexternal.code.tex 2023-01-15 v3.1.10 (3.1.10)
\pgfexternal@startupbox=\box75
) (/nix/store/sn1xgci9grv4yxlxfa91aa7b9ykl6pdh-texlive-combined-full-2022-final-texmfdist/tex/generic/pgf/basiclayer/pgfcorelayers.code.tex
File: pgfcorelayers.code.tex 2023-01-15 v3.1.10 (3.1.10)
) (/nix/store/sn1xgci9grv4yxlxfa91aa7b9ykl6pdh-texlive-combined-full-2022-final-texmfdist/tex/generic/pgf/basiclayer/pgfcoretransparency.code.tex
File: pgfcoretransparency.code.tex 2023-01-15 v3.1.10 (3.1.10)
) (/nix/store/sn1xgci9grv4yxlxfa91aa7b9ykl6pdh-texlive-combined-full-2022-final-texmfdist/tex/generic/pgf/basiclayer/pgfcorepatterns.code.tex
File: pgfcorepatterns.code.tex 2023-01-15 v3.1.10 (3.1.10)
) (/nix/store/sn1xgci9grv4yxlxfa91aa7b9ykl6pdh-texlive-combined-full-2022-final-texmfdist/tex/generic/pgf/basiclayer/pgfcorerdf.code.tex
File: pgfcorerdf.code.tex 2023-01-15 v3.1.10 (3.1.10)
))) (/nix/store/sn1xgci9grv4yxlxfa91aa7b9ykl6pdh-texlive-combined-full-2022-final-texmfdist/tex/generic/pgf/modules/pgfmoduleshapes.code.tex
File: pgfmoduleshapes.code.tex 2023-01-15 v3.1.10 (3.1.10)
\pgfnodeparttextbox=\box76
) (/nix/store/sn1xgci9grv4yxlxfa91aa7b9ykl6pdh-texlive-combined-full-2022-final-texmfdist/tex/generic/pgf/modules/pgfmoduleplot.code.tex
File: pgfmoduleplot.code.tex 2023-01-15 v3.1.10 (3.1.10)
) (/nix/store/sn1xgci9grv4yxlxfa91aa7b9ykl6pdh-texlive-combined-full-2022-final-texmfdist/tex/latex/pgf/compatibility/pgfcomp-version-0-65.sty
Package: pgfcomp-version-0-65 2023-01-15 v3.1.10 (3.1.10)
\pgf@nodesepstart=\dimen275
\pgf@nodesepend=\dimen276
) (/nix/store/sn1xgci9grv4yxlxfa91aa7b9ykl6pdh-texlive-combined-full-2022-final-texmfdist/tex/latex/pgf/compatibility/pgfcomp-version-1-18.sty
Package: pgfcomp-version-1-18 2023-01-15 v3.1.10 (3.1.10)
)) (/nix/store/sn1xgci9grv4yxlxfa91aa7b9ykl6pdh-texlive-combined-full-2022-final-texmfdist/tex/latex/pgf/utilities/pgffor.sty (/nix/store/sn1xgci9grv4yxlxfa91aa7b9ykl6pdh-texlive-combined-full-2022-final-texmfdist/tex/latex/pgf/utilities/pgfkeys.sty (/nix/store/sn1xgci9grv4yxlxfa91aa7b9ykl6pdh-texlive-combined-full-2022-final-texmfdist/tex/generic/pgf/utilities/pgfkeys.code.tex)) (/nix/store/sn1xgci9grv4yxlxfa91aa7b9ykl6pdh-texlive-combined-full-2022-final-texmfdist/tex/latex/pgf/math/pgfmath.sty (/nix/store/sn1xgci9grv4yxlxfa91aa7b9ykl6pdh-texlive-combined-full-2022-final-texmfdist/tex/generic/pgf/math/pgfmath.code.tex)) (/nix/store/sn1xgci9grv4yxlxfa91aa7b9ykl6pdh-texlive-combined-full-2022-final-texmfdist/tex/generic/pgf/utilities/pgffor.code.tex
Package: pgffor 2023-01-15 v3.1.10 (3.1.10)
\pgffor@iter=\dimen277
\pgffor@skip=\dimen278
\pgffor@stack=\toks38
\pgffor@toks=\toks39
)) (/nix/store/sn1xgci9grv4yxlxfa91aa7b9ykl6pdh-texlive-combined-full-2022-final-texmfdist/tex/generic/pgf/frontendlayer/tikz/tikz.code.tex
Package: tikz 2023-01-15 v3.1.10 (3.1.10)
 (/nix/store/sn1xgci9grv4yxlxfa91aa7b9ykl6pdh-texlive-combined-full-2022-final-texmfdist/tex/generic/pgf/libraries/pgflibraryplothandlers.code.tex
File: pgflibraryplothandlers.code.tex 2023-01-15 v3.1.10 (3.1.10)
\pgf@plot@mark@count=\count455
\pgfplotmarksize=\dimen279
)
\tikz@lastx=\dimen280
\tikz@lasty=\dimen281
\tikz@lastxsaved=\dimen282
\tikz@lastysaved=\dimen283
\tikz@lastmovetox=\dimen284
\tikz@lastmovetoy=\dimen285
\tikzleveldistance=\dimen286
\tikzsiblingdistance=\dimen287
\tikz@figbox=\box77
\tikz@figbox@bg=\box78
\tikz@tempbox=\box79
\tikz@tempbox@bg=\box80
\tikztreelevel=\count456
\tikznumberofchildren=\count457
\tikznumberofcurrentchild=\count458
\tikz@fig@count=\count459
 (/nix/store/sn1xgci9grv4yxlxfa91aa7b9ykl6pdh-texlive-combined-full-2022-final-texmfdist/tex/generic/pgf/modules/pgfmodulematrix.code.tex
File: pgfmodulematrix.code.tex 2023-01-15 v3.1.10 (3.1.10)
\pgfmatrixcurrentrow=\count460
\pgfmatrixcurrentcolumn=\count461
\pgf@matrix@numberofcolumns=\count462
)
\tikz@expandcount=\count463
 (/nix/store/sn1xgci9grv4yxlxfa91aa7b9ykl6pdh-texlive-combined-full-2022-final-texmfdist/tex/generic/pgf/frontendlayer/tikz/libraries/tikzlibrarytopaths.code.tex
File: tikzlibrarytopaths.code.tex 2023-01-15 v3.1.10 (3.1.10)
))) (/nix/store/sn1xgci9grv4yxlxfa91aa7b9ykl6pdh-texlive-combined-full-2022-final-texmfdist/tex/generic/pgf/frontendlayer/tikz/libraries/tikzlibrarymatrix.code.tex
File: tikzlibrarymatrix.code.tex 2023-01-15 v3.1.10 (3.1.10)
) (/nix/store/sn1xgci9grv4yxlxfa91aa7b9ykl6pdh-texlive-combined-full-2022-final-texmfdist/tex/generic/pgf/frontendlayer/tikz/libraries/tikzlibrarypositioning.code.tex
File: tikzlibrarypositioning.code.tex 2023-01-15 v3.1.10 (3.1.10)
) (/nix/store/sn1xgci9grv4yxlxfa91aa7b9ykl6pdh-texlive-combined-full-2022-final-texmfdist/tex/generic/pgf/frontendlayer/tikz/libraries/tikzlibrarycalc.code.tex
File: tikzlibrarycalc.code.tex 2023-01-15 v3.1.10 (3.1.10)
)
(/nix/store/sn1xgci9grv4yxlxfa91aa7b9ykl6pdh-texlive-combined-full-2022-final-texmfdist/tex/generic/pgf/frontendlayer/tikz/libraries/tikzlibrarydecorations.pathreplacing.code.tex (/nix/store/sn1xgci9grv4yxlxfa91aa7b9ykl6pdh-texlive-combined-full-2022-final-texmfdist/tex/generic/pgf/frontendlayer/tikz/libraries/tikzlibrarydecorations.code.tex (/nix/store/sn1xgci9grv4yxlxfa91aa7b9ykl6pdh-texlive-combined-full-2022-final-texmfdist/tex/generic/pgf/modules/pgfmoduledecorations.code.tex
\pgfdecoratedcompleteddistance=\dimen288
\pgfdecoratedremainingdistance=\dimen289
\pgfdecoratedinputsegmentcompleteddistance=\dimen290
\pgfdecoratedinputsegmentremainingdistance=\dimen291
\pgf@decorate@distancetomove=\dimen292
\pgf@decorate@repeatstate=\count464
\pgfdecorationsegmentamplitude=\dimen293
\pgfdecorationsegmentlength=\dimen294
)
\tikz@lib@dec@box=\box81
) (/nix/store/sn1xgci9grv4yxlxfa91aa7b9ykl6pdh-texlive-combined-full-2022-final-texmfdist/tex/generic/pgf/libraries/decorations/pgflibrarydecorations.pathreplacing.code.tex)) (/nix/store/sn1xgci9grv4yxlxfa91aa7b9ykl6pdh-texlive-combined-full-2022-final-texmfdist/tex/latex/spath3/tikzlibrarycalligraphy.code.tex (/nix/store/sn1xgci9grv4yxlxfa91aa7b9ykl6pdh-texlive-combined-full-2022-final-texmfdist/tex/latex/spath3/spath3.sty
Package: spath3 2022/08/24 v2.7 Functions for manipulating PGF soft paths
\g__spath_output_int=\count465
\l__spath_tmpa_dim=\dimen295
\l__spath_tmpb_dim=\dimen296
\l__spath_tmpa_int=\count466
\l__spath_tmpb_int=\count467
\l__spath_move_x_dim=\dimen297
\l__spath_move_y_dim=\dimen298
\l__spath_rectx_dim=\dimen299
\l__spath_recty_dim=\dimen300
\g__spath_anon_int=\count468
)
\l__cal_tmpa_int=\count469
\l__cal_tmpb_int=\count470
\g__cal_path_component_int=\count471
\g__cal_label_int=\count472
\l__cal_tmpa_dim=\dimen301
\l__cal_tmpb_dim=\dimen302
\l__cal_tmpc_dim=\dimen303
\l__cal_tmpd_dim=\dimen304
\l__cal_tmpe_dim=\dimen305
\l__cal_tmpf_dim=\dimen306
\l__cal_tmpg_dim=\dimen307
\l__cal_tmph_dim=\dimen308
\l__cal_taper_width_dim=\dimen309
\l__cal_line_width_dim=\dimen310
) (/nix/store/sn1xgci9grv4yxlxfa91aa7b9ykl6pdh-texlive-combined-full-2022-final-texmfdist/tex/generic/pgf/frontendlayer/tikz/libraries/tikzlibraryplotmarks.code.tex
File: tikzlibraryplotmarks.code.tex 2023-01-15 v3.1.10 (3.1.10)
 (/nix/store/sn1xgci9grv4yxlxfa91aa7b9ykl6pdh-texlive-combined-full-2022-final-texmfdist/tex/generic/pgf/libraries/pgflibraryplotmarks.code.tex
File: pgflibraryplotmarks.code.tex 2023-01-15 v3.1.10 (3.1.10)
)) (/nix/store/sn1xgci9grv4yxlxfa91aa7b9ykl6pdh-texlive-combined-full-2022-final-texmfdist/tex/latex/circuitikz/circuitikz.sty
Package: circuitikz 2023/02/11{} The CircuiTikz circuit drawing package version 1.6.1
 (/nix/store/sn1xgci9grv4yxlxfa91aa7b9ykl6pdh-texlive-combined-full-2022-final-texmfdist/tex/generic/pgf/libraries/pgflibraryarrows.meta.code.tex
File: pgflibraryarrows.meta.code.tex 2023-01-15 v3.1.10 (3.1.10)
\pgfarrowinset=\dimen311
\pgfarrowlength=\dimen312
\pgfarrowwidth=\dimen313
\pgfarrowlinewidth=\dimen314
) (/nix/store/sn1xgci9grv4yxlxfa91aa7b9ykl6pdh-texlive-combined-full-2022-final-texmfdist/tex/generic/pgf/frontendlayer/tikz/libraries/tikzlibrarybending.code.tex
File: tikzlibrarybending.code.tex 2023-01-15 v3.1.10 (3.1.10)
 (/nix/store/sn1xgci9grv4yxlxfa91aa7b9ykl6pdh-texlive-combined-full-2022-final-texmfdist/tex/generic/pgf/modules/pgfmodulebending.code.tex
File: pgfmodulebending.code.tex 2023-01-15 v3.1.10 (3.1.10)
 (/nix/store/sn1xgci9grv4yxlxfa91aa7b9ykl6pdh-texlive-combined-full-2022-final-texmfdist/tex/generic/pgf/modules/pgfmodulenonlineartransformations.code.tex
File: pgfmodulenonlineartransformations.code.tex 2023-01-15 v3.1.10 (3.1.10)
\pgftransformnonlinearflatness=\dimen315
) (/nix/store/sn1xgci9grv4yxlxfa91aa7b9ykl6pdh-texlive-combined-full-2022-final-texmfdist/tex/generic/pgf/libraries/pgflibrarycurvilinear.code.tex
File: pgflibrarycurvilinear.code.tex 2023-01-15 v3.1.10 (3.1.10)
\pgf@curvilinear@time@a=\dimen316
\pgf@curvilinear@length@a=\dimen317
\pgf@curvilinear@length@b=\dimen318
\pgf@curvilinear@length@c=\dimen319
\pgf@curvilinear@length@d=\dimen320
)
\pgf@arrows@the@rigidity=\dimen321
)) (/nix/store/sn1xgci9grv4yxlxfa91aa7b9ykl6pdh-texlive-combined-full-2022-final-texmfdist/tex/generic/pgf/frontendlayer/tikz/libraries/tikzlibraryfpu.code.tex (/nix/store/sn1xgci9grv4yxlxfa91aa7b9ykl6pdh-texlive-combined-full-2022-final-texmfdist/tex/generic/pgf/libraries/pgflibraryfpu.code.tex)) (/nix/store/sn1xgci9grv4yxlxfa91aa7b9ykl6pdh-texlive-combined-full-2022-final-texmfdist/tex/generic/circuitikz/pgfcirc.defines.tex
\pgf@circ@count@a=\count473
\pgf@circ@count@b=\count474
\pgf@circ@count@c=\count475
\pgf@circ@res@up=\dimen322
\pgf@circ@res@down=\dimen323
\pgf@circ@res@zero=\dimen324
\pgf@circ@res@left=\dimen325
\pgf@circ@res@right=\dimen326
\pgf@circ@res@other=\dimen327
\pgf@circ@res@step=\dimen328
\pgf@circ@res@temp=\dimen329
\pgf@circ@Rlen=\dimen330
\pgf@circ@scaled@Rlen=\dimen331
\pgfstartlinewidth=\dimen332
) (/nix/store/sn1xgci9grv4yxlxfa91aa7b9ykl6pdh-texlive-combined-full-2022-final-texmfdist/tex/generic/circuitikz/pgfcircutils.tex
\ctikz@scratchbox=\box82
) (/nix/store/sn1xgci9grv4yxlxfa91aa7b9ykl6pdh-texlive-combined-full-2022-final-texmfdist/tex/generic/circuitikz/pgfcircpath.tex) (/nix/store/sn1xgci9grv4yxlxfa91aa7b9ykl6pdh-texlive-combined-full-2022-final-texmfdist/tex/generic/circuitikz/pgfcircshapes.tex) (/nix/store/sn1xgci9grv4yxlxfa91aa7b9ykl6pdh-texlive-combined-full-2022-final-texmfdist/tex/generic/circuitikz/pgfcircmonopoles.tex) (/nix/store/sn1xgci9grv4yxlxfa91aa7b9ykl6pdh-texlive-combined-full-2022-final-texmfdist/tex/generic/circuitikz/pgfcircbipoles.tex) (/nix/store/sn1xgci9grv4yxlxfa91aa7b9ykl6pdh-texlive-combined-full-2022-final-texmfdist/tex/generic/circuitikz/pgfcirctripoles.tex
\pgf@circ@res@count=\count476
) (/nix/store/sn1xgci9grv4yxlxfa91aa7b9ykl6pdh-texlive-combined-full-2022-final-texmfdist/tex/generic/circuitikz/pgfcircquadpoles.tex) (/nix/store/sn1xgci9grv4yxlxfa91aa7b9ykl6pdh-texlive-combined-full-2022-final-texmfdist/tex/generic/circuitikz/pgfcircmultipoles.tex) (/nix/store/sn1xgci9grv4yxlxfa91aa7b9ykl6pdh-texlive-combined-full-2022-final-texmfdist/tex/generic/circuitikz/pgfcirclabel.tex) (/nix/store/sn1xgci9grv4yxlxfa91aa7b9ykl6pdh-texlive-combined-full-2022-final-texmfdist/tex/generic/circuitikz/pgfcircvoltage.tex
\pgfcirc@labelshift=\dimen333
) (/nix/store/sn1xgci9grv4yxlxfa91aa7b9ykl6pdh-texlive-combined-full-2022-final-texmfdist/tex/generic/circuitikz/pgfcirccurrent.tex) (/nix/store/sn1xgci9grv4yxlxfa91aa7b9ykl6pdh-texlive-combined-full-2022-final-texmfdist/tex/generic/circuitikz/pgfcircflow.tex)) (/nix/store/sn1xgci9grv4yxlxfa91aa7b9ykl6pdh-texlive-combined-full-2022-final-texmfdist/tex/latex/pgfplots/pgfplots.sty (/nix/store/sn1xgci9grv4yxlxfa91aa7b9ykl6pdh-texlive-combined-full-2022-final-texmfdist/tex/generic/pgfplots/pgfplots.revision.tex)
Package: pgfplots 2021/05/15 v1.18.1 Data Visualization (1.18.1)
 (/nix/store/sn1xgci9grv4yxlxfa91aa7b9ykl6pdh-texlive-combined-full-2022-final-texmfdist/tex/generic/pgfplots/pgfplots.code.tex (/nix/store/sn1xgci9grv4yxlxfa91aa7b9ykl6pdh-texlive-combined-full-2022-final-texmfdist/tex/generic/pgfplots/pgfplotscore.code.tex
\t@pgfplots@toka=\toks40
\t@pgfplots@tokb=\toks41
\t@pgfplots@tokc=\toks42
\pgfplots@tmpa=\dimen334
\c@pgfplots@coordindex=\count477
\c@pgfplots@scanlineindex=\count478
 (/nix/store/sn1xgci9grv4yxlxfa91aa7b9ykl6pdh-texlive-combined-full-2022-final-texmfdist/tex/generic/pgfplots/sys/pgfplotssysgeneric.code.tex)) (/nix/store/sn1xgci9grv4yxlxfa91aa7b9ykl6pdh-texlive-combined-full-2022-final-texmfdist/tex/generic/pgfplots/libs/pgfplotslibrary.code.tex) (/nix/store/sn1xgci9grv4yxlxfa91aa7b9ykl6pdh-texlive-combined-full-2022-final-texmfdist/tex/generic/pgfplots/oldpgfcompatib/pgfplotsoldpgfsupp_loader.code.tex
Package pgfplots: loading complementary utilities for your pgf version...
\t@pgf@toka=\toks43
\t@pgf@tokb=\toks44
\t@pgf@tokc=\toks45
(/nix/store/sn1xgci9grv4yxlxfa91aa7b9ykl6pdh-texlive-combined-full-2022-final-texmfdist/tex/generic/pgfplots/oldpgfcompatib/pgfplotsoldpgfsupp_pgfutil-common-lists.tex)) (/nix/store/sn1xgci9grv4yxlxfa91aa7b9ykl6pdh-texlive-combined-full-2022-final-texmfdist/tex/generic/pgfplots/util/pgfplotsutil.code.tex (/nix/store/sn1xgci9grv4yxlxfa91aa7b9ykl6pdh-texlive-combined-full-2022-final-texmfdist/tex/generic/pgfplots/liststructure/pgfplotsliststructure.code.tex) (/nix/store/sn1xgci9grv4yxlxfa91aa7b9ykl6pdh-texlive-combined-full-2022-final-texmfdist/tex/generic/pgfplots/liststructure/pgfplotsliststructureext.code.tex) (/nix/store/sn1xgci9grv4yxlxfa91aa7b9ykl6pdh-texlive-combined-full-2022-final-texmfdist/tex/generic/pgfplots/liststructure/pgfplotsarray.code.tex
\c@pgfplotsarray@tmp=\count479
) (/nix/store/sn1xgci9grv4yxlxfa91aa7b9ykl6pdh-texlive-combined-full-2022-final-texmfdist/tex/generic/pgfplots/liststructure/pgfplotsmatrix.code.tex) (/nix/store/sn1xgci9grv4yxlxfa91aa7b9ykl6pdh-texlive-combined-full-2022-final-texmfdist/tex/generic/pgfplots/numtable/pgfplotstableshared.code.tex
\c@pgfplotstable@counta=\count480
\t@pgfplotstable@a=\toks46
) (/nix/store/sn1xgci9grv4yxlxfa91aa7b9ykl6pdh-texlive-combined-full-2022-final-texmfdist/tex/generic/pgfplots/liststructure/pgfplotsdeque.code.tex) (/nix/store/sn1xgci9grv4yxlxfa91aa7b9ykl6pdh-texlive-combined-full-2022-final-texmfdist/tex/generic/pgfplots/util/pgfplotsbinary.code.tex (/nix/store/sn1xgci9grv4yxlxfa91aa7b9ykl6pdh-texlive-combined-full-2022-final-texmfdist/tex/generic/pgfplots/util/pgfplotsbinary.data.code.tex)) (/nix/store/sn1xgci9grv4yxlxfa91aa7b9ykl6pdh-texlive-combined-full-2022-final-texmfdist/tex/generic/pgfplots/util/pgfplotsutil.verb.code.tex) (/nix/store/sn1xgci9grv4yxlxfa91aa7b9ykl6pdh-texlive-combined-full-2022-final-texmfdist/tex/generic/pgfplots/libs/pgflibrarypgfplots.surfshading.code.tex
\c@pgfplotslibrarysurf@no=\count481
 (/nix/store/sn1xgci9grv4yxlxfa91aa7b9ykl6pdh-texlive-combined-full-2022-final-texmfdist/tex/generic/pgfplots/sys/pgflibrarypgfplots.surfshading.pgfsys-xetex.def (/nix/store/sn1xgci9grv4yxlxfa91aa7b9ykl6pdh-texlive-combined-full-2022-final-texmfdist/tex/generic/pgfplots/sys/pgflibrarypgfplots.surfshading.pgfsys-dvipdfmx.def
\c@pgfplotslibrarysurf@streamlen=\count482
)))) (/nix/store/sn1xgci9grv4yxlxfa91aa7b9ykl6pdh-texlive-combined-full-2022-final-texmfdist/tex/generic/pgfplots/util/pgfplotscolormap.code.tex (/nix/store/sn1xgci9grv4yxlxfa91aa7b9ykl6pdh-texlive-combined-full-2022-final-texmfdist/tex/generic/pgfplots/util/pgfplotscolor.code.tex)) (/nix/store/sn1xgci9grv4yxlxfa91aa7b9ykl6pdh-texlive-combined-full-2022-final-texmfdist/tex/generic/pgfplots/pgfplotsstackedplots.code.tex) (/nix/store/sn1xgci9grv4yxlxfa91aa7b9ykl6pdh-texlive-combined-full-2022-final-texmfdist/tex/generic/pgfplots/pgfplotsplothandlers.code.tex (/nix/store/sn1xgci9grv4yxlxfa91aa7b9ykl6pdh-texlive-combined-full-2022-final-texmfdist/tex/generic/pgfplots/pgfplotsmeshplothandler.code.tex (/nix/store/sn1xgci9grv4yxlxfa91aa7b9ykl6pdh-texlive-combined-full-2022-final-texmfdist/tex/generic/pgfplots/pgfplotsmeshplotimage.code.tex))) (/nix/store/sn1xgci9grv4yxlxfa91aa7b9ykl6pdh-texlive-combined-full-2022-final-texmfdist/tex/generic/pgfplots/pgfplots.scaling.code.tex) (/nix/store/sn1xgci9grv4yxlxfa91aa7b9ykl6pdh-texlive-combined-full-2022-final-texmfdist/tex/generic/pgfplots/pgfplotscoordprocessing.code.tex) (/nix/store/sn1xgci9grv4yxlxfa91aa7b9ykl6pdh-texlive-combined-full-2022-final-texmfdist/tex/generic/pgfplots/pgfplots.errorbars.code.tex) (/nix/store/sn1xgci9grv4yxlxfa91aa7b9ykl6pdh-texlive-combined-full-2022-final-texmfdist/tex/generic/pgfplots/pgfplots.markers.code.tex) (/nix/store/sn1xgci9grv4yxlxfa91aa7b9ykl6pdh-texlive-combined-full-2022-final-texmfdist/tex/generic/pgfplots/pgfplotsticks.code.tex) (/nix/store/sn1xgci9grv4yxlxfa91aa7b9ykl6pdh-texlive-combined-full-2022-final-texmfdist/tex/generic/pgfplots/pgfplots.paths.code.tex) (/nix/store/sn1xgci9grv4yxlxfa91aa7b9ykl6pdh-texlive-combined-full-2022-final-texmfdist/tex/generic/pgf/frontendlayer/tikz/libraries/tikzlibrarydecorations.pathmorphing.code.tex (/nix/store/sn1xgci9grv4yxlxfa91aa7b9ykl6pdh-texlive-combined-full-2022-final-texmfdist/tex/generic/pgf/libraries/decorations/pgflibrarydecorations.pathmorphing.code.tex)) (/nix/store/sn1xgci9grv4yxlxfa91aa7b9ykl6pdh-texlive-combined-full-2022-final-texmfdist/tex/generic/pgfplots/libs/tikzlibrarypgfplots.contourlua.code.tex)
\pgfplots@numplots=\count483
\pgfplots@xmin@reg=\dimen335
\pgfplots@xmax@reg=\dimen336
\pgfplots@ymin@reg=\dimen337
\pgfplots@ymax@reg=\dimen338
\pgfplots@zmin@reg=\dimen339
\pgfplots@zmax@reg=\dimen340
)) (/nix/store/sn1xgci9grv4yxlxfa91aa7b9ykl6pdh-texlive-combined-full-2022-final-texmfdist/tex/latex/adjustbox/adjustbox.sty
Package: adjustbox 2022/10/17 v1.3a Adjusting TeX boxes (trim, clip, ...)
 (/nix/store/sn1xgci9grv4yxlxfa91aa7b9ykl6pdh-texlive-combined-full-2022-final-texmfdist/tex/latex/xkeyval/xkeyval.sty
Package: xkeyval 2022/06/16 v2.9 package option processing (HA)
 (/nix/store/sn1xgci9grv4yxlxfa91aa7b9ykl6pdh-texlive-combined-full-2022-final-texmfdist/tex/generic/xkeyval/xkeyval.tex (/nix/store/sn1xgci9grv4yxlxfa91aa7b9ykl6pdh-texlive-combined-full-2022-final-texmfdist/tex/generic/xkeyval/xkvutils.tex
\XKV@toks=\toks47
\XKV@tempa@toks=\toks48
)
\XKV@depth=\count484
File: xkeyval.tex 2014/12/03 v2.7a key=value parser (HA)
)) (/nix/store/sn1xgci9grv4yxlxfa91aa7b9ykl6pdh-texlive-combined-full-2022-final-texmfdist/tex/latex/adjustbox/adjcalc.sty
Package: adjcalc 2012/05/16 v1.1 Provides advanced setlength with multiple back-ends (calc, etex, pgfmath)
) (/nix/store/sn1xgci9grv4yxlxfa91aa7b9ykl6pdh-texlive-combined-full-2022-final-texmfdist/tex/latex/adjustbox/trimclip.sty
Package: trimclip 2020/08/19 v1.2 Trim and clip general TeX material
 (/nix/store/sn1xgci9grv4yxlxfa91aa7b9ykl6pdh-texlive-combined-full-2022-final-texmfdist/tex/latex/collectbox/collectbox.sty
Package: collectbox 2022/10/17 v0.4c Collect macro arguments as boxes
\collectedbox=\box83
)
\tc@llx=\dimen341
\tc@lly=\dimen342
\tc@urx=\dimen343
\tc@ury=\dimen344
Package trimclip Info: Using driver 'tc-xetex.def'.
 (/nix/store/sn1xgci9grv4yxlxfa91aa7b9ykl6pdh-texlive-combined-full-2022-final-texmfdist/tex/latex/adjustbox/tc-xetex.def
File: tc-xetex.def 2019/01/04 v2.2 Clipping driver for xetex
))
\adjbox@Width=\dimen345
\adjbox@Height=\dimen346
\adjbox@Depth=\dimen347
\adjbox@Totalheight=\dimen348
\adjbox@pwidth=\dimen349
\adjbox@pheight=\dimen350
\adjbox@pdepth=\dimen351
\adjbox@ptotalheight=\dimen352
 (/nix/store/sn1xgci9grv4yxlxfa91aa7b9ykl6pdh-texlive-combined-full-2022-final-texmfdist/tex/latex/ifoddpage/ifoddpage.sty
Package: ifoddpage 2022/10/18 v1.2 Conditionals for odd/even page detection
\c@checkoddpage=\count485
) (/nix/store/sn1xgci9grv4yxlxfa91aa7b9ykl6pdh-texlive-combined-full-2022-final-texmfdist/tex/latex/varwidth/varwidth.sty
Package: varwidth 2009/03/30 ver 0.92;  Variable-width minipages
\@vwid@box=\box84
\sift@deathcycles=\count486
\@vwid@loff=\dimen353
\@vwid@roff=\dimen354
)) (/nix/store/sn1xgci9grv4yxlxfa91aa7b9ykl6pdh-texlive-combined-full-2022-final-texmfdist/tex/latex/minted/minted.sty
Package: minted 2022/12/12 v2.7 Yet another Pygments shim for LaTeX
 (/nix/store/sn1xgci9grv4yxlxfa91aa7b9ykl6pdh-texlive-combined-full-2022-final-texmfdist/tex/latex/fvextra/fvextra.sty
Package: fvextra 2022/11/30 v1.5 fvextra - extensions and patches for fancyvrb
 (/nix/store/sn1xgci9grv4yxlxfa91aa7b9ykl6pdh-texlive-combined-full-2022-final-texmfdist/tex/latex/fancyvrb/fancyvrb.sty
Package: fancyvrb 2023/01/19 4.5a verbatim text (tvz,hv)
\FV@CodeLineNo=\count487
\FV@InFile=\read5
\FV@TabBox=\box85
\c@FancyVerbLine=\count488
\FV@StepNumber=\count489
\FV@OutFile=\write5
) (/nix/store/sn1xgci9grv4yxlxfa91aa7b9ykl6pdh-texlive-combined-full-2022-final-texmfdist/tex/latex/upquote/upquote.sty
Package: upquote 2012/04/19 v1.3 upright-quote and grave-accent glyphs in verbatim
 (/nix/store/sn1xgci9grv4yxlxfa91aa7b9ykl6pdh-texlive-combined-full-2022-final-texmfdist/tex/latex/base/textcomp.sty
Package: textcomp 2020/02/02 v2.0n Standard LaTeX package
)) (/nix/store/sn1xgci9grv4yxlxfa91aa7b9ykl6pdh-texlive-combined-full-2022-final-texmfdist/tex/latex/lineno/lineno.sty
Package: lineno 2023/01/19 line numbers on paragraphs v5.1
Invalid UTF-8 byte or sequence at line 290 replaced by U+FFFD.
\linenopenalty=\count490
\output=\toks49
\linenoprevgraf=\count491
\linenumbersep=\dimen355
\linenumberwidth=\dimen356
\c@linenumber=\count492
\c@pagewiselinenumber=\count493
\c@LN@truepage=\count494
\c@internallinenumber=\count495
\c@internallinenumbers=\count496
\quotelinenumbersep=\dimen357
\bframerule=\dimen358
\bframesep=\dimen359
\bframebox=\box86
\linenoamsmath@ams@eqpen=\count497
LaTeX Info: Redefining \\ on input line 3131.
)
\c@FV@TrueTabGroupLevel=\count498
\c@FV@TrueTabCounter=\count499
\FV@TabBox@Group=\box87
\FV@TmpLength=\skip102
\c@FV@HighlightLinesStart=\count500
\c@FV@HighlightLinesStop=\count501
\FV@LoopCount=\count502
\FV@NCharsBox=\box88
\FV@BreakIndent=\dimen360
\FV@BreakIndentNChars=\count503
\FV@BreakSymbolSepLeft=\dimen361
\FV@BreakSymbolSepLeftNChars=\count504
\FV@BreakSymbolSepRight=\dimen362
\FV@BreakSymbolSepRightNChars=\count505
\FV@BreakSymbolIndentLeft=\dimen363
\FV@BreakSymbolIndentLeftNChars=\count506
\FV@BreakSymbolIndentRight=\dimen364
\FV@BreakSymbolIndentRightNChars=\count507
\c@FancyVerbLineBreakLast=\count508
\FV@LineBox=\box89
\FV@LineIndentBox=\box90
\c@FV@BreakBufferDepth=\count509
\FV@LineWidth=\dimen365
) (/nix/store/sn1xgci9grv4yxlxfa91aa7b9ykl6pdh-texlive-combined-full-2022-final-texmfdist/tex/latex/tools/calc.sty
Package: calc 2017/05/25 v4.3 Infix arithmetic (KKT,FJ)
\calc@Acount=\count510
\calc@Bcount=\count511
\calc@Adimen=\dimen366
\calc@Bdimen=\dimen367
\calc@Askip=\skip103
\calc@Bskip=\skip104
LaTeX Info: Redefining \setlength on input line 80.
LaTeX Info: Redefining \addtolength on input line 81.
\calc@Ccount=\count512
\calc@Cskip=\skip105
) (/nix/store/sn1xgci9grv4yxlxfa91aa7b9ykl6pdh-texlive-combined-full-2022-final-texmfdist/tex/latex/tools/shellesc.sty
Package: shellesc 2019/11/08 v1.0c unified shell escape interface for LaTeX
Package shellesc Info: Unrestricted shell escape enabled on input line 75.
) (/nix/store/sn1xgci9grv4yxlxfa91aa7b9ykl6pdh-texlive-combined-full-2022-final-texmfdist/tex/latex/ifplatform/ifplatform.sty
Package: ifplatform 2017/10/13 v0.4a Testing for the operating system
 (/nix/store/sn1xgci9grv4yxlxfa91aa7b9ykl6pdh-texlive-combined-full-2022-final-texmfdist/tex/generic/catchfile/catchfile.sty
Package: catchfile 2019/12/09 v1.8 Catch the contents of a file (HO)
) (/nix/store/sn1xgci9grv4yxlxfa91aa7b9ykl6pdh-texlive-combined-full-2022-final-texmfdist/tex/generic/iftex/ifluatex.sty
Package: ifluatex 2019/10/25 v1.5 ifluatex legacy package. Use iftex instead.
)
runsystem(uname -s > "main.w18")...executed.

 (./main.w18)
runsystem(rm -- "main.w18")...executed.

) (/nix/store/sn1xgci9grv4yxlxfa91aa7b9ykl6pdh-texlive-combined-full-2022-final-texmfdist/tex/generic/xstring/xstring.sty (/nix/store/sn1xgci9grv4yxlxfa91aa7b9ykl6pdh-texlive-combined-full-2022-final-texmfdist/tex/generic/xstring/xstring.tex
\integerpart=\count513
\decimalpart=\count514
)
Package: xstring 2023/01/14 v1.85 String manipulations (CT)
) (/nix/store/sn1xgci9grv4yxlxfa91aa7b9ykl6pdh-texlive-combined-full-2022-final-texmfdist/tex/latex/framed/framed.sty
Package: framed 2011/10/22 v 0.96: framed or shaded text with page breaks
\OuterFrameSep=\skip106
\fb@frw=\dimen368
\fb@frh=\dimen369
\FrameRule=\dimen370
\FrameSep=\dimen371
) (/nix/store/sn1xgci9grv4yxlxfa91aa7b9ykl6pdh-texlive-combined-full-2022-final-texmfdist/tex/latex/newfloat/newfloat.sty
Package: newfloat 2019/09/02 v1.1l Defining new floating environments (AR)
)
\minted@appexistsfile=\read6
\minted@bgbox=\box91
\minted@code=\write6
\c@minted@FancyVerbLineTemp=\count515
\c@minted@pygmentizecounter=\count516
Package newfloat Info: New float `listing' with options `fileext=lol,placement=tbp' on input line 1208.
\c@listing=\count517
Package newfloat Info: float type `listing'=4 on input line 1208.
\c@loldepth=\count518
Package tocbasic Info: setting babel extension for `lol' on input line 1208.
)
runsystem(mkdir -p _minted-main)...executed.

 (/nix/store/sn1xgci9grv4yxlxfa91aa7b9ykl6pdh-texlive-combined-full-2022-final-texmfdist/tex/latex/csquotes/csquotes.sty
Package: csquotes 2022-09-14 v5.2n context-sensitive quotations (JAW)
\csq@reset=\count519
\csq@gtype=\count520
\csq@glevel=\count521
\csq@qlevel=\count522
\csq@maxlvl=\count523
\csq@tshold=\count524
\csq@ltx@everypar=\toks50
 (/nix/store/sn1xgci9grv4yxlxfa91aa7b9ykl6pdh-texlive-combined-full-2022-final-texmfdist/tex/latex/csquotes/csquotes.def
File: csquotes.def 2022-09-14 v5.2n csquotes generic definitions (JAW)
)
Package csquotes Info: Trying to load configuration file 'csquotes.cfg'...
Package csquotes Info: ... configuration file loaded successfully.
 (/nix/store/sn1xgci9grv4yxlxfa91aa7b9ykl6pdh-texlive-combined-full-2022-final-texmfdist/tex/latex/csquotes/csquotes.cfg
File: csquotes.cfg 
))

Class scrartcl Warning: Usage of package `fancyhdr' together
(scrartcl)              with a KOMA-Script class is not recommended.
(scrartcl)              I'd suggest to use 
(scrartcl)              package `scrlayer' or `scrlayer-scrpage', because
(scrartcl)              they support KOMA-Script classes.
(scrartcl)              With `fancyhdr' several features of class `scrartcl'
(scrartcl)              like options `headsepline', `footsepline' or command
(scrartcl)              `\MakeMarkcase' and the commands `\setkomafont' and
(scrartcl)              `\addtokomafont' for the page style elements need
(scrartcl)              explicite user intervention to work.
(scrartcl)              Nevertheless, using requested
(scrartcl)              package `fancyhdr' on input line 65.

(/nix/store/sn1xgci9grv4yxlxfa91aa7b9ykl6pdh-texlive-combined-full-2022-final-texmfdist/tex/latex/fancyhdr/fancyhdr.sty
Package: fancyhdr 2022/11/09 v4.1 Extensive control of page headers and footers
\f@nch@headwidth=\skip107
\f@nch@O@elh=\skip108
\f@nch@O@erh=\skip109
\f@nch@O@olh=\skip110
\f@nch@O@orh=\skip111
\f@nch@O@elf=\skip112
\f@nch@O@erf=\skip113
\f@nch@O@olf=\skip114
\f@nch@O@orf=\skip115
) (/nix/store/sn1xgci9grv4yxlxfa91aa7b9ykl6pdh-texlive-combined-full-2022-final-texmfdist/tex/latex/enumitem/enumitem.sty
Package: enumitem 2019/06/20 v3.9 Customized lists
\labelindent=\skip116
\enit@outerparindent=\dimen372
\enit@toks=\toks51
\enit@inbox=\box92
\enit@count@id=\count525
\enitdp@description=\count526
)
\enitdp@todolist=\count527
 (/nix/store/sn1xgci9grv4yxlxfa91aa7b9ykl6pdh-texlive-combined-full-2022-final-texmfdist/tex/latex/psnfss/pifont.sty
Package: pifont 2020/03/25 PSNFSS-v9.3 Pi font support (SPQR) 
LaTeX Font Info:    Trying to load font information for U+pzd on input line 63.
 (/nix/store/sn1xgci9grv4yxlxfa91aa7b9ykl6pdh-texlive-combined-full-2022-final-texmfdist/tex/latex/psnfss/upzd.fd
File: upzd.fd 2001/06/04 font definitions for U/pzd.
)
LaTeX Font Info:    Trying to load font information for U+psy on input line 64.
 (/nix/store/sn1xgci9grv4yxlxfa91aa7b9ykl6pdh-texlive-combined-full-2022-final-texmfdist/tex/latex/psnfss/upsy.fd
File: upsy.fd 2001/06/04 font definitions for U/psy.
)) (/nix/store/sn1xgci9grv4yxlxfa91aa7b9ykl6pdh-texlive-combined-full-2022-final-texmfdist/tex/latex/tabularray/tabularray.sty
Package: tabularray 2023-03-01 v2023A Typeset tabulars and arrays with LaTeX3
\l__tblr_a_int=\count528
\l__tblr_c_int=\count529
\l__tblr_r_int=\count530
\l__tblr_d_dim=\dimen373
\l__tblr_h_dim=\dimen374
\l__tblr_o_dim=\dimen375
\l__tblr_p_dim=\dimen376
\l__tblr_q_dim=\dimen377
\l__tblr_r_dim=\dimen378
\l__tblr_s_dim=\dimen379
\l__tblr_t_dim=\dimen380
\l__tblr_v_dim=\dimen381
\l__tblr_w_dim=\dimen382
\l__tblr_a_box=\box93
\l__tblr_b_box=\box94
\l__tblr_c_box=\box95
\l__tblr_d_box=\box96
\g__tblr_table_count_int=\count531
\c@rownum=\count532
\c@colnum=\count533
\c@rowcount=\count534
\c@colcount=\count535
\abovesep=\dimen383
\belowsep=\dimen384
\leftsep=\dimen385
\rightsep=\dimen386
\g_tblr_level_int=\count536
\g__tblr_data_row_key_count_int=\count537
\g__tblr_data_column_key_count_int=\count538
\g__tblr_data_cell_key_count_int=\count539
\g__tblr_array_int=\count540
\l__tblr_key_count_int=\count541
\l__tblr_key_quotient_int=\count542
\l__tblr_key_quotient_two_int=\count543
\l__tblr_key_remainder_int=\count544
\g__tblr_data_str_value_count_int=\count545
\rulewidth=\dimen387
\l__tblr_strut_dp_dim=\dimen388
\l__tblr_strut_ht_dim=\dimen389
\g__tblr_cell_wd_dim=\dimen390
\g__tblr_cell_ht_dim=\dimen391
\g__tblr_cell_head_dim=\dimen392
\g__tblr_cell_foot_dim=\dimen393
\l__column_target_dim=\dimen394
\l__tblr_caption_box=\box97
\l__tblr_caption_left_box=\box98
\l__tblr_row_head_box=\box99
\l__tblr_row_foot_box=\box100
\l__tblr_row_head_foot_dim=\dimen395
\tablewidth=\dimen396
\l__tblr_table_firsthead_box=\box101
\l__tblr_table_middlehead_box=\box102
\l__tblr_table_lasthead_box=\box103
\l__tblr_table_firstfoot_box=\box104
\l__tblr_table_middlefoot_box=\box105
\l__tblr_table_lastfoot_box=\box106
\l__tblr_remain_height_dim=\dimen397
\l__tblr_long_from_int=\count546
\l__tblr_long_to_int=\count547
\l__tblr_curr_i_int=\count548
\l__tblr_prev_i_int=\count549
\l__tblr_table_page_int=\count550
\l__tblr_table_head_box=\box107
\l__tblr_table_foot_box=\box108
\l__tblr_table_head_foot_dim=\dimen398
\l__tblr_table_head_body_foot_dim=\dimen399
\l__tblr_table_box=\box109
\l__tblr_table_hlines_box=\box110
\l__tblr_hline_box=\box111
\l__tblr_row_box=\box112
\l__tblr_col_o_wd_dim=\dimen400
\l__tblr_col_b_wd_dim=\dimen401
\l__tblr_hline_leftskip_dim=\dimen402
\l__tblr_hline_rightskip_dim=\dimen403
\l__tblr_row_ht_dim=\dimen404
\l__tblr_row_dp_dim=\dimen405
\l__tblr_row_abovesep_dim=\dimen406
\l__tblr_row_belowsep_dim=\dimen407
\l__tblr_row_vlines_box=\box113
\l__tblr_vline_box=\box114
\l__tblr_cell_box=\box115
\l__row_upper_dim=\dimen408
\l__row_lower_dim=\dimen409
\l__row_vpace_dim=\dimen410
\l__tblr_vline_aboveskip_dim=\dimen411
\l__tblr_vline_belowskip_dim=\dimen412
\l__tblr_cell_wd_dim=\dimen413
\l__tblr_cell_ht_dim=\dimen414
\l__tblr_diag_box=\box116
) (/nix/store/sn1xgci9grv4yxlxfa91aa7b9ykl6pdh-texlive-combined-full-2022-final-texmfdist/tex/latex/fontspec/fontspec.sty
Package: fontspec 2022/01/15 v2.8a Font selection for XeLaTeX and LuaLaTeX
 (/nix/store/sn1xgci9grv4yxlxfa91aa7b9ykl6pdh-texlive-combined-full-2022-final-texmfdist/tex/latex/fontspec/fontspec-xetex.sty
Package: fontspec-xetex 2022/01/15 v2.8a Font selection for XeLaTeX and LuaLaTeX
\l__fontspec_script_int=\count551
\l__fontspec_language_int=\count552
\l__fontspec_strnum_int=\count553
\l__fontspec_tmp_int=\count554
\l__fontspec_tmpa_int=\count555
\l__fontspec_tmpb_int=\count556
\l__fontspec_tmpc_int=\count557
\l__fontspec_em_int=\count558
\l__fontspec_emdef_int=\count559
\l__fontspec_strong_int=\count560
\l__fontspec_strongdef_int=\count561
\l__fontspec_tmpa_dim=\dimen415
\l__fontspec_tmpb_dim=\dimen416
\l__fontspec_tmpc_dim=\dimen417
 (/nix/store/sn1xgci9grv4yxlxfa91aa7b9ykl6pdh-texlive-combined-full-2022-final-texmfdist/tex/latex/base/fontenc.sty
Package: fontenc 2021/04/29 v2.0v Standard LaTeX package
) (/nix/store/sn1xgci9grv4yxlxfa91aa7b9ykl6pdh-texlive-combined-full-2022-final-texmfdist/tex/latex/fontspec/fontspec.cfg)))

Package fontspec Info: Font family 'LatinModernSans(0)' created for font
(fontspec)             'Latin Modern Sans' with options [].
(fontspec)              
(fontspec)              This font family consists of the following NFSS
(fontspec)             series/shapes:
(fontspec)              
(fontspec)             - 'normal' (m/n) with NFSS spec.: <->"Latin Modern
(fontspec)             Sans/OT:script=latn;language=dflt;"
(fontspec)             - 'small caps'  (m/sc) with NFSS spec.: 
(fontspec)             - 'bold' (b/n) with NFSS spec.: <->"Latin Modern
(fontspec)             Sans/B/OT:script=latn;language=dflt;"
(fontspec)             - 'bold small caps'  (b/sc) with NFSS spec.: 
(fontspec)             - 'italic' (m/it) with NFSS spec.: <->"Latin Modern
(fontspec)             Sans/I/OT:script=latn;language=dflt;"
(fontspec)             - 'italic small caps'  (m/scit) with NFSS spec.: 
(fontspec)             - 'bold italic' (b/it) with NFSS spec.: <->"Latin
(fontspec)             Modern Sans/BI/OT:script=latn;language=dflt;"
(fontspec)             - 'bold italic small caps'  (b/scit) with NFSS spec.: 

runsystem(which pygmentize && touch main.aex)...executed.

runsystem(rm main.aex)...executed.

Package csquotes Info: Checking for multilingual support...
Package csquotes Info: ... found 'babel' package.
Package csquotes Info: Adjusting default style.
Package csquotes Info: Redefining alias 'default' -> 'ngerman'.
 (./main.aux)
\openout1 = `main.aux'.

LaTeX Font Info:    Checking defaults for OML/cmm/m/it on input line 98.
LaTeX Font Info:    ... okay on input line 98.
LaTeX Font Info:    Checking defaults for OMS/cmsy/m/n on input line 98.
LaTeX Font Info:    ... okay on input line 98.
LaTeX Font Info:    Checking defaults for OT1/cmr/m/n on input line 98.
LaTeX Font Info:    ... okay on input line 98.
LaTeX Font Info:    Checking defaults for T1/cmr/m/n on input line 98.
LaTeX Font Info:    ... okay on input line 98.
LaTeX Font Info:    Checking defaults for TS1/cmr/m/n on input line 98.
LaTeX Font Info:    Trying to load font information for TS1+cmr on input line 98.
 (/nix/store/sn1xgci9grv4yxlxfa91aa7b9ykl6pdh-texlive-combined-full-2022-final-texmfdist/tex/latex/base/ts1cmr.fd
File: ts1cmr.fd 2022/07/10 v2.5l Standard LaTeX font definitions
)
LaTeX Font Info:    ... okay on input line 98.
LaTeX Font Info:    Checking defaults for TU/lmr/m/n on input line 98.
LaTeX Font Info:    ... okay on input line 98.
LaTeX Font Info:    Checking defaults for OMX/cmex/m/n on input line 98.
LaTeX Font Info:    ... okay on input line 98.
LaTeX Font Info:    Checking defaults for U/cmr/m/n on input line 98.
LaTeX Font Info:    ... okay on input line 98.
LaTeX Font Info:    Checking defaults for PD1/pdf/m/n on input line 98.
LaTeX Font Info:    ... okay on input line 98.
LaTeX Font Info:    Checking defaults for PU/pdf/m/n on input line 98.
LaTeX Font Info:    ... okay on input line 98.

*geometry* driver: auto-detecting
*geometry* detected driver: xetex
*geometry* verbose mode - [ preamble ] result:
* driver: xetex
* paper: <default>
* layout: <same size as paper>
* layoutoffset:(h,v)=(0.0pt,0.0pt)
* modes: 
* h-part:(L,W,R)=(71.13188pt, 455.24417pt, 71.13188pt)
* v-part:(T,H,B)=(71.13188pt, 702.78317pt, 71.13188pt)
* \paperwidth=597.50793pt
* \paperheight=845.04694pt
* \textwidth=455.24417pt
* \textheight=702.78317pt
* \oddsidemargin=-1.1381pt
* \evensidemargin=-1.1381pt
* \topmargin=-34.1381pt
* \headheight=15.0pt
* \headsep=18.0pt
* \topskip=10.0pt
* \footskip=42.0pt
* \marginparwidth=74.68849pt
* \marginparsep=12.8401pt
* \columnsep=10.0pt
* \skip\footins=9.0pt plus 4.0pt minus 2.0pt
* \hoffset=0.0pt
* \voffset=0.0pt
* \mag=1000
* \@twocolumnfalse
* \@twosidefalse
* \@mparswitchfalse
* \@reversemarginfalse
* (1in=72.27pt=25.4mm, 1cm=28.453pt)

LaTeX Info: Redefining \microtypecontext on input line 98.
Package microtype Info: Applying patch `item' on input line 98.
Package microtype Info: Applying patch `toc' on input line 98.
Package microtype Info: Applying patch `eqnum' on input line 98.
Package microtype Info: Applying patch `footnote' on input line 98.
Package microtype Info: Applying patch `verbatim' on input line 98.
Package microtype Info: Character protrusion enabled (level 2).
Package microtype Info: Using default protrusion set `alltext'.
Package microtype Info: No adjustment of tracking.
Package microtype Info: No adjustment of spacing.
Package microtype Info: No adjustment of kerning.
(/nix/store/sn1xgci9grv4yxlxfa91aa7b9ykl6pdh-texlive-combined-full-2022-final-texmfdist/tex/latex/microtype/mt-LatinModernRoman.cfg
File: mt-LatinModernRoman.cfg 2021/02/21 v1.1 microtype config. file: Latin Modern Roman (RS)
)
Package biblatex Info: Trying to load language 'ngerman'...
Package biblatex Info: ... file 'ngerman.lbx' found.
 (/nix/store/sn1xgci9grv4yxlxfa91aa7b9ykl6pdh-texlive-combined-full-2022-final-texmfdist/tex/latex/biblatex/lbx/ngerman.lbx
File: ngerman.lbx 2023/03/05 v3.19 biblatex localization (PK/MW)
Package biblatex Info: Trying to load language 'german'...
Package biblatex Info: ... file 'german.lbx' found.
 (/nix/store/sn1xgci9grv4yxlxfa91aa7b9ykl6pdh-texlive-combined-full-2022-final-texmfdist/tex/latex/biblatex/lbx/german.lbx
File: german.lbx 2023/03/05 v3.19 biblatex localization (PK/MW)
)
Package biblatex Info: Trying to load language 'german'...
Package biblatex Info: ... file 'german.lbx' found.
 (/nix/store/sn1xgci9grv4yxlxfa91aa7b9ykl6pdh-texlive-combined-full-2022-final-texmfdist/tex/latex/biblatex/lbx/german.lbx
File: german.lbx 2023/03/05 v3.19 biblatex localization (PK/MW)
))
Package biblatex Info: XeTeX detected.
(biblatex)             Assuming input encoding 'utf8'.
Package biblatex Info: Automatic encoding selection.
(biblatex)             Assuming data encoding 'utf8'.
\openout3 = `main.bcf'.

Package biblatex Info: Trying to load bibliographic data...
Package biblatex Info: ... file 'main.bbl' found.
 (./main.bbl)
Package biblatex Info: Reference section=0 on input line 98.
Package biblatex Info: Reference segment=0 on input line 98.
Package hyperref Info: Link coloring OFF on input line 98.
 (./main.out) (./main.out)
\@outlinefile=\write7
\openout7 = `main.out'.

Class scrartcl Info: loading recommended package `bookmark'.
(scrartcl)           Using `bookmark' together with `hyperref' is recommended,
(scrartcl)           because of handling of possible bookmark level gaps.
(scrartcl)           You can avoid loading `bookmark' with KOMA-Script option
(scrartcl)           `bookmarkpackage=false' before \begin{document} and
(scrartcl)           you can avoid this message adding:
(scrartcl)             \usepackage{bookmark}
(scrartcl)           before \begin{document} on input line 98.
 (/nix/store/sn1xgci9grv4yxlxfa91aa7b9ykl6pdh-texlive-combined-full-2022-final-texmfdist/tex/latex/bookmark/bookmark.sty
Package: bookmark 2020-11-06 v1.29 PDF bookmarks (HO)
 (/nix/store/sn1xgci9grv4yxlxfa91aa7b9ykl6pdh-texlive-combined-full-2022-final-texmfdist/tex/latex/bookmark/bkm-dvipdfm.def
File: bkm-dvipdfm.def 2020-11-06 v1.29 bookmark driver for dvipdfm (HO)
\BKM@id=\count562
)) (/nix/store/sn1xgci9grv4yxlxfa91aa7b9ykl6pdh-texlive-combined-full-2022-final-texmfdist/tex/latex/translations/translations-basic-dictionary-german.trsl
File: translations-basic-dictionary-german.trsl (german translation file `translations-basic-dictionary')
)
Package translations Info: loading dictionary `translations-basic-dictionary' for `german'. on input line 98.
Package caption Info: Begin \AtBeginDocument code.
Package caption Info: subfig package v1.3 is loaded.
Package caption Info: float package is loaded.
Package caption Info: End \AtBeginDocument code.

Package pgfplots notification 'compat/show suggested version=true': document has been generated with the most recent feature set (\pgfplotsset{compat=1.18}).

Package newfloat Info: `float' package detected.
(/nix/store/sn1xgci9grv4yxlxfa91aa7b9ykl6pdh-texlive-combined-full-2022-final-texmfdist/tex/latex/ninecolors/ninecolors.sty
Package: ninecolors 2022-02-13 vv2022D Select colors with proper color contrast
)

Package fontspec Info: Adjusting the maths setup (use [no-math] to avoid
(fontspec)             this).

\symlegacymaths=\mathgroup6
LaTeX Font Info:    Overwriting symbol font `legacymaths' in version `bold'
(Font)                  OT1/cmr/m/n --> OT1/cmr/bx/n on input line 98.
LaTeX Font Info:    Redeclaring math accent \acute on input line 98.
LaTeX Font Info:    Redeclaring math accent \grave on input line 98.
LaTeX Font Info:    Redeclaring math accent \ddot on input line 98.
LaTeX Font Info:    Redeclaring math accent \tilde on input line 98.
LaTeX Font Info:    Redeclaring math accent \bar on input line 98.
LaTeX Font Info:    Redeclaring math accent \breve on input line 98.
LaTeX Font Info:    Redeclaring math accent \check on input line 98.
LaTeX Font Info:    Redeclaring math accent \hat on input line 98.
LaTeX Font Info:    Redeclaring math accent \dot on input line 98.
LaTeX Font Info:    Redeclaring math accent \mathring on input line 98.
LaTeX Font Info:    Redeclaring math symbol \Gamma on input line 98.
LaTeX Font Info:    Redeclaring math symbol \Delta on input line 98.
LaTeX Font Info:    Redeclaring math symbol \Theta on input line 98.
LaTeX Font Info:    Redeclaring math symbol \Lambda on input line 98.
LaTeX Font Info:    Redeclaring math symbol \Xi on input line 98.
LaTeX Font Info:    Redeclaring math symbol \Pi on input line 98.
LaTeX Font Info:    Redeclaring math symbol \Sigma on input line 98.
LaTeX Font Info:    Redeclaring math symbol \Upsilon on input line 98.
LaTeX Font Info:    Redeclaring math symbol \Phi on input line 98.
LaTeX Font Info:    Redeclaring math symbol \Psi on input line 98.
LaTeX Font Info:    Redeclaring math symbol \Omega on input line 98.
LaTeX Font Info:    Redeclaring math symbol \mathdollar on input line 98.
LaTeX Font Info:    Redeclaring symbol font `operators' on input line 98.
LaTeX Font Info:    Encoding `OT1' has changed to `TU' for symbol font
(Font)              `operators' in the math version `normal' on input line 98.
LaTeX Font Info:    Overwriting symbol font `operators' in version `normal'
(Font)                  OT1/cmr/m/n --> TU/lmr/m/n on input line 98.
LaTeX Font Info:    Encoding `OT1' has changed to `TU' for symbol font
(Font)              `operators' in the math version `bold' on input line 98.
LaTeX Font Info:    Overwriting symbol font `operators' in version `bold'
(Font)                  OT1/cmr/bx/n --> TU/lmr/m/n on input line 98.
LaTeX Font Info:    Overwriting symbol font `operators' in version `normal'
(Font)                  TU/lmr/m/n --> TU/lmr/m/n on input line 98.
LaTeX Font Info:    Overwriting math alphabet `\mathit' in version `normal'
(Font)                  OT1/cmr/m/it --> TU/lmr/m/it on input line 98.
LaTeX Font Info:    Overwriting math alphabet `\mathbf' in version `normal'
(Font)                  OT1/cmr/bx/n --> TU/lmr/b/n on input line 98.
LaTeX Font Info:    Overwriting math alphabet `\mathsf' in version `normal'
(Font)                  OT1/cmss/m/n --> TU/lmss/m/n on input line 98.
LaTeX Font Info:    Overwriting math alphabet `\mathtt' in version `normal'
(Font)                  OT1/cmtt/m/n --> TU/lmtt/m/n on input line 98.
LaTeX Font Info:    Overwriting symbol font `operators' in version `bold'
(Font)                  TU/lmr/m/n --> TU/lmr/b/n on input line 98.
LaTeX Font Info:    Overwriting math alphabet `\mathit' in version `bold'
(Font)                  OT1/cmr/bx/it --> TU/lmr/b/it on input line 98.
LaTeX Font Info:    Overwriting math alphabet `\mathsf' in version `bold'
(Font)                  OT1/cmss/bx/n --> TU/lmss/b/n on input line 98.
LaTeX Font Info:    Overwriting math alphabet `\mathtt' in version `bold'
(Font)                  OT1/cmtt/m/n --> TU/lmtt/b/n on input line 98.
LaTeX Font Info:    Font shape `TU/LatinModernSans(0)/bx/n' in size <24.88> not available
(Font)              Font shape `TU/LatinModernSans(0)/b/n' tried instead on input line 104.
Package microtype Info: Loading generic protrusion settings for font family
(microtype)             `LatinModernSans' (encoding: TU).
(microtype)             For optimal results, create family-specific settings.
(microtype)             See the microtype manual for details.
File: bilder/test2.pdf Graphic file (type pdf)
<use bilder/test2.pdf>
 [1

]
Package microtype Info: Loading generic protrusion settings for font family
(microtype)             `lmss' (encoding: TU).
(microtype)             For optimal results, create family-specific settings.
(microtype)             See the microtype manual for details.
Package tocbasic Info: character protrusion at toc deactivated on input line 116.
 (./main.toc
LaTeX Font Info:    Trying to load font information for U+msa on input line 4.
 (/nix/store/sn1xgci9grv4yxlxfa91aa7b9ykl6pdh-texlive-combined-full-2022-final-texmfdist/tex/latex/amsfonts/umsa.fd
File: umsa.fd 2013/01/14 v3.01 AMS symbols A
) (/nix/store/sn1xgci9grv4yxlxfa91aa7b9ykl6pdh-texlive-combined-full-2022-final-texmfdist/tex/latex/microtype/mt-msa.cfg
File: mt-msa.cfg 2006/02/04 v1.1 microtype config. file: AMS symbols (a) (RS)
)
LaTeX Font Info:    Trying to load font information for U+msb on input line 4.
 (/nix/store/sn1xgci9grv4yxlxfa91aa7b9ykl6pdh-texlive-combined-full-2022-final-texmfdist/tex/latex/amsfonts/umsb.fd
File: umsb.fd 2013/01/14 v3.01 AMS symbols B
) (/nix/store/sn1xgci9grv4yxlxfa91aa7b9ykl6pdh-texlive-combined-full-2022-final-texmfdist/tex/latex/microtype/mt-msb.cfg
File: mt-msb.cfg 2005/06/01 v1.0 microtype config. file: AMS symbols (b) (RS)
) (/nix/store/sn1xgci9grv4yxlxfa91aa7b9ykl6pdh-texlive-combined-full-2022-final-texmfdist/tex/latex/microtype/mt-cmr.cfg
File: mt-cmr.cfg 2013/05/19 v2.2 microtype config. file: Computer Modern Roman (RS)
))
\tf@toc=\write8
\openout8 = `main.toc'.

 [1] (./chapters/Einleitung.tex
File: bilder/mnn2-1.jpg Graphic file (type bmp)
<bilder/mnn2-1.jpg>
) (./chapters/Grundlagen.tex [1] [2]
File: bilder/kraft.pdf Graphic file (type pdf)
<use bilder/kraft.pdf>
 [3]
File: bilder/test4.pdf Graphic file (type pdf)
<use bilder/test4.pdf>
 [4]) [5] (./chapters/Vorgehensweise.tex
File: bilder/impossibleA.pdf Graphic file (type pdf)
<use bilder/impossibleA.pdf>
File: bilder/impossibleB.pdf Graphic file (type pdf)
<use bilder/impossibleB.pdf>
File: bilder/impossibleA.pdf Graphic file (type pdf)
<use bilder/impossibleA.pdf>
File: bilder/impossibleC.pdf Graphic file (type pdf)
<use bilder/impossibleC.pdf>
 [6] [7] [8]) [9]
PGFPlots: reading {bilder/PPSEpochs.csv}
Package microtype Info: Loading generic protrusion settings for font family
(microtype)             `lmtt' (encoding: TU).
(microtype)             For optimal results, create family-specific settings.
(microtype)             See the microtype manual for details.

Underfull \hbox (badness 1077) in paragraph at lines 206--206
\TU/lmr/m/n/8 einer bestimmten Epochenzahl dar. Das Netzwerk wurde mit PPS trainiert und zur Simulation wurde das nu-
 []


Underfull \hbox (badness 1152) in paragraph at lines 206--206
\TU/lmr/m/n/8 merische Lsen genutzt, alle Hyperparameter sind identisch. Originaldaten sind im Repository [[]5[]] in der Datei
 []

PGFPlots: reading {bilder/EvolutionEpochs.csv}
[10]
File: bilder/test.pdf Graphic file (type pdf)
<use bilder/test.pdf>
File: bilder/test2.pdf Graphic file (type pdf)
<use bilder/test2.pdf>
PGFPlots: reading {bilder/PPSNumBehavioursErrorBar.csv}
PGFPlots: reading {bilder/EvolutionNumBehavioursMedian.csv}

Underfull \hbox (badness 3557) in paragraph at lines 297--297
[][]\TU/lmr/bx/n/8 Abbildung 11: |\TU/lmr/m/n/8 Die Punkte stellen den Median des MSE von je 15 verschiedenen Durchlufen und die
 []


Underfull \hbox (badness 3168) in paragraph at lines 297--297
\TU/lmr/m/n/8 Fehlerbalken die Standardabweichung vom Median dar. Das Netzwerk wurde 100 Epochen mit dem geneti-
 []


Underfull \hbox (badness 1742) in paragraph at lines 297--297
\TU/lmr/m/n/8 schen Algorithmus trainiert, die anderen Hyperparameter sind identisch zu Abb. []10[]. Originaldaten sind unter
 []

[11]
PGFPlots: reading {bilder/PPSNumRowsColsMean.csv}
 [12]
\openout5 = `main.pyg'.

 (./_minted-main/default.pygstyle) (./_minted-main/AEFD8BE44B822F263CEEBDDFAE97B7774B70D487DDA73778A0B4926F5208F732.pygtex
LaTeX Font Info:    Font shape `TU/lmtt/bx/n' in size <8> not available
(Font)              Font shape `TU/lmtt/b/n' tried instead on input line 2.
)
Package hyperref Info: bookmark level for unknown listing defaults to 0 on input line 363.
\openout5 = `main.pyg'.

 (./_minted-main/79F01C40C09E60E7E7868412338E1D604B70D487DDA73778A0B4926F5208F732.pygtex)
File: bilder/UML.pdf Graphic file (type pdf)
<use bilder/UML.pdf>
 [13] [14] [15] [16] (./main.aux)
Package rerunfilecheck Info: File `main.out' has not changed.
(rerunfilecheck)             Checksum: D41D8CD98F00B204E9800998ECF8427E;0.
runsystem(rm main.pyg)...executed.

Package logreq Info: Writing requests to 'main.run.xml'.
\openout1 = `main.run.xml'.

 ) 
Here is how much of TeX's memory you used:
 76890 strings out of 476684
 1965934 string characters out of 5781117
 3242069 words of memory out of 5000000
 96159 multiletter control sequences out of 15000+600000
 518400 words of font info for 88 fonts, out of 8000000 for 9000
 1350 hyphenation exceptions out of 8191
 108i,12n,106p,10655b,5344s stack positions out of 10000i,1000n,20000p,200000b,200000s

Output written on main.xdv (18 pages, 599352 bytes).
